# JRE version: Java(TM) SE Runtime Environment (8.0_73-b02) (build 1.8.0_73-b02)
# Java VM: Java HotSpot(TM) 64-Bit Server VM (25.73-b02 mixed mode windows-amd64 compressed oops)
Heap:
 PSYoungGen      total 432128K, used 212417K [0x00000000e0000000, 0x0000000100000000, 0x0000000100000000)
  eden space 349696K, 60% used [0x00000000e0000000,0x00000000ecf70600,0x00000000f5580000)
  from space 82432K, 0% used [0x00000000f5580000,0x00000000f5580000,0x00000000fa600000)
  to   space 92160K, 0% used [0x00000000fa600000,0x00000000fa600000,0x0000000100000000)
 ParOldGen       total 441344K, used 210291K [0x00000000a0000000, 0x00000000baf00000, 0x00000000e0000000)
  object space 441344K, 47% used [0x00000000a0000000,0x00000000acd5cd40,0x00000000baf00000)
 Metaspace       used 112283K, capacity 117410K, committed 118144K, reserved 1153024K
  class space    used 13859K, capacity 14787K, committed 14976K, reserved 1048576K
GC Heap History (10 events):
Event: 288.844 GC heap before
{Heap before GC invocations=64 (full 6):
 PSYoungGen      total 441856K, used 378380K [0x00000000e0000000, 0x0000000100000000, 0x0000000100000000)
  eden space 359424K, 100% used [0x00000000e0000000,0x00000000f5f00000,0x00000000f5f00000)
  from space 82432K, 22% used [0x00000000f5f00000,0x00000000f71831a0,0x00000000faf80000)
  to   space 78848K, 0% used [0x00000000fb300000,0x00000000fb300000,0x0000000100000000)
 ParOldGen       total 348160K, used 276354K [0x00000000a0000000, 0x00000000b5400000, 0x00000000e0000000)
  object space 348160K, 79% used [0x00000000a0000000,0x00000000b0de0988,0x00000000b5400000)
 Metaspace       used 112173K, capacity 117006K, committed 117248K, reserved 1150976K
  class space    used 13864K, capacity 14765K, committed 14848K, reserved 1048576K
Event: 288.910 GC heap after
Heap after GC invocations=64 (full 6):
 PSYoungGen      total 423936K, used 70767K [0x00000000e0000000, 0x0000000100000000, 0x0000000100000000)
  eden space 345088K, 0% used [0x00000000e0000000,0x00000000e0000000,0x00000000f5100000)
  from space 78848K, 89% used [0x00000000fb300000,0x00000000ff81be70,0x0000000100000000)
  to   space 89600K, 0% used [0x00000000f5100000,0x00000000f5100000,0x00000000fa880000)
 ParOldGen       total 348160K, used 276362K [0x00000000a0000000, 0x00000000b5400000, 0x00000000e0000000)
  object space 348160K, 79% used [0x00000000a0000000,0x00000000b0de2988,0x00000000b5400000)
 Metaspace       used 112173K, capacity 117006K, committed 117248K, reserved 1150976K
  class space    used 13864K, capacity 14765K, committed 14848K, reserved 1048576K
}
Event: 292.157 GC heap before
{Heap before GC invocations=65 (full 6):
 PSYoungGen      total 423936K, used 415855K [0x00000000e0000000, 0x0000000100000000, 0x0000000100000000)
  eden space 345088K, 100% used [0x00000000e0000000,0x00000000f5100000,0x00000000f5100000)
  from space 78848K, 89% used [0x00000000fb300000,0x00000000ff81be70,0x0000000100000000)
  to   space 89600K, 0% used [0x00000000f5100000,0x00000000f5100000,0x00000000fa880000)
 ParOldGen       total 348160K, used 276362K [0x00000000a0000000, 0x00000000b5400000, 0x00000000e0000000)
  object space 348160K, 79% used [0x00000000a0000000,0x00000000b0de2988,0x00000000b5400000)
 Metaspace       used 112311K, capacity 117198K, committed 117504K, reserved 1153024K
  class space    used 13864K, capacity 14765K, committed 14848K, reserved 1048576K
Event: 292.208 GC heap after
Heap after GC invocations=65 (full 6):
 PSYoungGen      total 434688K, used 25128K [0x00000000e0000000, 0x0000000100000000, 0x0000000100000000)
  eden space 345088K, 0% used [0x00000000e0000000,0x00000000e0000000,0x00000000f5100000)
  from space 89600K, 28% used [0x00000000f5100000,0x00000000f698a340,0x00000000fa880000)
  to   space 84992K, 0% used [0x00000000fad00000,0x00000000fad00000,0x0000000100000000)
 ParOldGen       total 348160K, used 294480K [0x00000000a0000000, 0x00000000b5400000, 0x00000000e0000000)
  object space 348160K, 84% used [0x00000000a0000000,0x00000000b1f94030,0x00000000b5400000)
 Metaspace       used 112311K, capacity 117198K, committed 117504K, reserved 1153024K
  class space    used 13864K, capacity 14765K, committed 14848K, reserved 1048576K
}
Event: 294.681 GC heap before
{Heap before GC invocations=66 (full 6):
 PSYoungGen      total 434688K, used 370216K [0x00000000e0000000, 0x0000000100000000, 0x0000000100000000)
  eden space 345088K, 100% used [0x00000000e0000000,0x00000000f5100000,0x00000000f5100000)
  from space 89600K, 28% used [0x00000000f5100000,0x00000000f698a340,0x00000000fa880000)
  to   space 84992K, 0% used [0x00000000fad00000,0x00000000fad00000,0x0000000100000000)
 ParOldGen       total 348160K, used 294480K [0x00000000a0000000, 0x00000000b5400000, 0x00000000e0000000)
  object space 348160K, 84% used [0x00000000a0000000,0x00000000b1f94030,0x00000000b5400000)
 Metaspace       used 112536K, capacity 117442K, committed 117504K, reserved 1153024K
  class space    used 13884K, capacity 14815K, committed 14848K, reserved 1048576K
Event: 294.728 GC heap after
Heap after GC invocations=66 (full 6):
 PSYoungGen      total 424960K, used 38682K [0x00000000e0000000, 0x00000000ff680000, 0x0000000100000000)
  eden space 349696K, 0% used [0x00000000e0000000,0x00000000e0000000,0x00000000f5580000)
  from space 75264K, 51% used [0x00000000fad00000,0x00000000fd2c68c0,0x00000000ff680000)
  to   space 82432K, 0% used [0x00000000f5580000,0x00000000f5580000,0x00000000fa600000)
 ParOldGen       total 348160K, used 294480K [0x00000000a0000000, 0x00000000b5400000, 0x00000000e0000000)
  object space 348160K, 84% used [0x00000000a0000000,0x00000000b1f94030,0x00000000b5400000)
 Metaspace       used 112536K, capacity 117442K, committed 117504K, reserved 1153024K
  class space    used 13884K, capacity 14815K, committed 14848K, reserved 1048576K
}
Event: 298.701 GC heap before
{Heap before GC invocations=67 (full 6):
 PSYoungGen      total 424960K, used 388378K [0x00000000e0000000, 0x00000000ff680000, 0x0000000100000000)
  eden space 349696K, 100% used [0x00000000e0000000,0x00000000f5580000,0x00000000f5580000)
  from space 75264K, 51% used [0x00000000fad00000,0x00000000fd2c68c0,0x00000000ff680000)
  to   space 82432K, 0% used [0x00000000f5580000,0x00000000f5580000,0x00000000fa600000)
 ParOldGen       total 348160K, used 294480K [0x00000000a0000000, 0x00000000b5400000, 0x00000000e0000000)
  object space 348160K, 84% used [0x00000000a0000000,0x00000000b1f94030,0x00000000b5400000)
 Metaspace       used 112629K, capacity 117640K, committed 117760K, reserved 1153024K
  class space    used 13890K, capacity 14826K, committed 14848K, reserved 1048576K
Event: 298.931 GC heap after
Heap after GC invocations=67 (full 6):
 PSYoungGen      total 432128K, used 82420K [0x00000000e0000000, 0x0000000100000000, 0x0000000100000000)
  eden space 349696K, 0% used [0x00000000e0000000,0x00000000e0000000,0x00000000f5580000)
  from space 82432K, 99% used [0x00000000f5580000,0x00000000fa5fd0a0,0x00000000fa600000)
  to   space 92160K, 0% used [0x00000000fa600000,0x00000000fa600000,0x0000000100000000)
 ParOldGen       total 348160K, used 330064K [0x00000000a0000000, 0x00000000b5400000, 0x00000000e0000000)
  object space 348160K, 94% used [0x00000000a0000000,0x00000000b4254120,0x00000000b5400000)
 Metaspace       used 112629K, capacity 117640K, committed 117760K, reserved 1153024K
  class space    used 13890K, capacity 14826K, committed 14848K, reserved 1048576K
}
Event: 298.931 GC heap before
{Heap before GC invocations=68 (full 7):
 PSYoungGen      total 432128K, used 82420K [0x00000000e0000000, 0x0000000100000000, 0x0000000100000000)
  eden space 349696K, 0% used [0x00000000e0000000,0x00000000e0000000,0x00000000f5580000)
  from space 82432K, 99% used [0x00000000f5580000,0x00000000fa5fd0a0,0x00000000fa600000)
  to   space 92160K, 0% used [0x00000000fa600000,0x00000000fa600000,0x0000000100000000)
 ParOldGen       total 348160K, used 330064K [0x00000000a0000000, 0x00000000b5400000, 0x00000000e0000000)
  object space 348160K, 94% used [0x00000000a0000000,0x00000000b4254120,0x00000000b5400000)
 Metaspace       used 112629K, capacity 117640K, committed 117760K, reserved 1153024K
  class space    used 13890K, capacity 14826K, committed 14848K, reserved 1048576K
Event: 300.129 GC heap after
Heap after GC invocations=68 (full 7):
 PSYoungGen      total 432128K, used 0K [0x00000000e0000000, 0x0000000100000000, 0x0000000100000000)
  eden space 349696K, 0% used [0x00000000e0000000,0x00000000e0000000,0x00000000f5580000)
  from space 82432K, 0% used [0x00000000f5580000,0x00000000f5580000,0x00000000fa600000)
  to   space 92160K, 0% used [0x00000000fa600000,0x00000000fa600000,0x0000000100000000)
 ParOldGen       total 441344K, used 210291K [0x00000000a0000000, 0x00000000baf00000, 0x00000000e0000000)
  object space 441344K, 47% used [0x00000000a0000000,0x00000000acd5cd40,0x00000000baf00000)
 Metaspace       used 111906K, capacity 116888K, committed 117760K, reserved 1153024K
  class space    used 13805K, capacity 14722K, committed 14848K, reserved 1048576K
}

