# JRE version: Java(TM) SE Runtime Environment (8.0_73-b02) (build 1.8.0_73-b02)
# Java VM: Java HotSpot(TM) 64-Bit Server VM (25.73-b02 mixed mode windows-amd64 compressed oops)
Heap:
 PSYoungGen      total 258048K, used 12193K [0x00000000e0000000, 0x00000000f1100000, 0x0000000100000000)
  eden space 242176K, 5% used [0x00000000e0000000,0x00000000e0be8750,0x00000000eec80000)
  from space 15872K, 0% used [0x00000000efc80000,0x00000000efc80000,0x00000000f0c00000)
  to   space 16384K, 0% used [0x00000000eec80000,0x00000000eec80000,0x00000000efc80000)
 ParOldGen       total 88576K, used 19413K [0x00000000a0000000, 0x00000000a5680000, 0x00000000e0000000)
  object space 88576K, 21% used [0x00000000a0000000,0x00000000a12f55e0,0x00000000a5680000)
 Metaspace       used 36215K, capacity 37070K, committed 37376K, reserved 1081344K
  class space    used 5082K, capacity 5364K, committed 5376K, reserved 1048576K
GC Heap History (10 events):
Event: 14.833 GC heap before
{Heap before GC invocations=4 (full 0):
 PSYoungGen      total 70656K, used 53335K [0x00000000e0000000, 0x00000000e8a00000, 0x0000000100000000)
  eden space 65536K, 73% used [0x00000000e0000000,0x00000000e2f17e40,0x00000000e4000000)
  from space 5120K, 99% used [0x00000000e4000000,0x00000000e44fe030,0x00000000e4500000)
  to   space 5120K, 0% used [0x00000000e8500000,0x00000000e8500000,0x00000000e8a00000)
 ParOldGen       total 86016K, used 5402K [0x00000000a0000000, 0x00000000a5400000, 0x00000000e0000000)
  object space 86016K, 6% used [0x00000000a0000000,0x00000000a0546930,0x00000000a5400000)
 Metaspace       used 20707K, capacity 21126K, committed 21296K, reserved 1067008K
  class space    used 2986K, capacity 3127K, committed 3200K, reserved 1048576K
Event: 14.856 GC heap after
Heap after GC invocations=4 (full 0):
 PSYoungGen      total 136192K, used 5115K [0x00000000e0000000, 0x00000000e8a00000, 0x0000000100000000)
  eden space 131072K, 0% used [0x00000000e0000000,0x00000000e0000000,0x00000000e8000000)
  from space 5120K, 99% used [0x00000000e8500000,0x00000000e89fedb8,0x00000000e8a00000)
  to   space 5120K, 0% used [0x00000000e8000000,0x00000000e8000000,0x00000000e8500000)
 ParOldGen       total 86016K, used 11085K [0x00000000a0000000, 0x00000000a5400000, 0x00000000e0000000)
  object space 86016K, 12% used [0x00000000a0000000,0x00000000a0ad3500,0x00000000a5400000)
 Metaspace       used 20707K, capacity 21126K, committed 21296K, reserved 1067008K
  class space    used 2986K, capacity 3127K, committed 3200K, reserved 1048576K
}
Event: 14.856 GC heap before
{Heap before GC invocations=5 (full 1):
 PSYoungGen      total 136192K, used 5115K [0x00000000e0000000, 0x00000000e8a00000, 0x0000000100000000)
  eden space 131072K, 0% used [0x00000000e0000000,0x00000000e0000000,0x00000000e8000000)
  from space 5120K, 99% used [0x00000000e8500000,0x00000000e89fedb8,0x00000000e8a00000)
  to   space 5120K, 0% used [0x00000000e8000000,0x00000000e8000000,0x00000000e8500000)
 ParOldGen       total 86016K, used 11085K [0x00000000a0000000, 0x00000000a5400000, 0x00000000e0000000)
  object space 86016K, 12% used [0x00000000a0000000,0x00000000a0ad3500,0x00000000a5400000)
 Metaspace       used 20707K, capacity 21126K, committed 21296K, reserved 1067008K
  class space    used 2986K, capacity 3127K, committed 3200K, reserved 1048576K
Event: 14.904 GC heap after
Heap after GC invocations=5 (full 1):
 PSYoungGen      total 136192K, used 0K [0x00000000e0000000, 0x00000000e8a00000, 0x0000000100000000)
  eden space 131072K, 0% used [0x00000000e0000000,0x00000000e0000000,0x00000000e8000000)
  from space 5120K, 0% used [0x00000000e8500000,0x00000000e8500000,0x00000000e8a00000)
  to   space 5120K, 0% used [0x00000000e8000000,0x00000000e8000000,0x00000000e8500000)
 ParOldGen       total 56320K, used 11036K [0x00000000a0000000, 0x00000000a3700000, 0x00000000e0000000)
  object space 56320K, 19% used [0x00000000a0000000,0x00000000a0ac7068,0x00000000a3700000)
 Metaspace       used 20707K, capacity 21126K, committed 21296K, reserved 1067008K
  class space    used 2986K, capacity 3127K, committed 3200K, reserved 1048576K
}
Event: 16.305 GC heap before
{Heap before GC invocations=6 (full 1):
 PSYoungGen      total 136192K, used 131072K [0x00000000e0000000, 0x00000000e8a00000, 0x0000000100000000)
  eden space 131072K, 100% used [0x00000000e0000000,0x00000000e8000000,0x00000000e8000000)
  from space 5120K, 0% used [0x00000000e8500000,0x00000000e8500000,0x00000000e8a00000)
  to   space 5120K, 0% used [0x00000000e8000000,0x00000000e8000000,0x00000000e8500000)
 ParOldGen       total 56320K, used 11036K [0x00000000a0000000, 0x00000000a3700000, 0x00000000e0000000)
  object space 56320K, 19% used [0x00000000a0000000,0x00000000a0ac7068,0x00000000a3700000)
 Metaspace       used 31573K, capacity 32158K, committed 32384K, reserved 1077248K
  class space    used 4453K, capacity 4660K, committed 4736K, reserved 1048576K
Event: 16.319 GC heap after
Heap after GC invocations=6 (full 1):
 PSYoungGen      total 136192K, used 5120K [0x00000000e0000000, 0x00000000f0c00000, 0x0000000100000000)
  eden space 131072K, 0% used [0x00000000e0000000,0x00000000e0000000,0x00000000e8000000)
  from space 5120K, 100% used [0x00000000e8000000,0x00000000e8500000,0x00000000e8500000)
  to   space 15872K, 0% used [0x00000000efc80000,0x00000000efc80000,0x00000000f0c00000)
 ParOldGen       total 56320K, used 18600K [0x00000000a0000000, 0x00000000a3700000, 0x00000000e0000000)
  object space 56320K, 33% used [0x00000000a0000000,0x00000000a122a098,0x00000000a3700000)
 Metaspace       used 31573K, capacity 32158K, committed 32384K, reserved 1077248K
  class space    used 4453K, capacity 4660K, committed 4736K, reserved 1048576K
}
Event: 17.194 GC heap before
{Heap before GC invocations=7 (full 1):
 PSYoungGen      total 136192K, used 65529K [0x00000000e0000000, 0x00000000f0c00000, 0x0000000100000000)
  eden space 131072K, 46% used [0x00000000e0000000,0x00000000e3afe4a8,0x00000000e8000000)
  from space 5120K, 100% used [0x00000000e8000000,0x00000000e8500000,0x00000000e8500000)
  to   space 15872K, 0% used [0x00000000efc80000,0x00000000efc80000,0x00000000f0c00000)
 ParOldGen       total 56320K, used 18600K [0x00000000a0000000, 0x00000000a3700000, 0x00000000e0000000)
  object space 56320K, 33% used [0x00000000a0000000,0x00000000a122a098,0x00000000a3700000)
 Metaspace       used 34549K, capacity 35322K, committed 35496K, reserved 1079296K
  class space    used 4869K, capacity 5100K, committed 5120K, reserved 1048576K
Event: 17.231 GC heap after
Heap after GC invocations=7 (full 1):
 PSYoungGen      total 258048K, used 12212K [0x00000000e0000000, 0x00000000f1100000, 0x0000000100000000)
  eden space 242176K, 0% used [0x00000000e0000000,0x00000000e0000000,0x00000000eec80000)
  from space 15872K, 76% used [0x00000000efc80000,0x00000000f086d0d0,0x00000000f0c00000)
  to   space 16384K, 0% used [0x00000000eec80000,0x00000000eec80000,0x00000000efc80000)
 ParOldGen       total 56320K, used 18608K [0x00000000a0000000, 0x00000000a3700000, 0x00000000e0000000)
  object space 56320K, 33% used [0x00000000a0000000,0x00000000a122c098,0x00000000a3700000)
 Metaspace       used 34549K, capacity 35322K, committed 35496K, reserved 1079296K
  class space    used 4869K, capacity 5100K, committed 5120K, reserved 1048576K
}
Event: 17.231 GC heap before
{Heap before GC invocations=8 (full 2):
 PSYoungGen      total 258048K, used 12212K [0x00000000e0000000, 0x00000000f1100000, 0x0000000100000000)
  eden space 242176K, 0% used [0x00000000e0000000,0x00000000e0000000,0x00000000eec80000)
  from space 15872K, 76% used [0x00000000efc80000,0x00000000f086d0d0,0x00000000f0c00000)
  to   space 16384K, 0% used [0x00000000eec80000,0x00000000eec80000,0x00000000efc80000)
 ParOldGen       total 56320K, used 18608K [0x00000000a0000000, 0x00000000a3700000, 0x00000000e0000000)
  object space 56320K, 33% used [0x00000000a0000000,0x00000000a122c098,0x00000000a3700000)
 Metaspace       used 34549K, capacity 35322K, committed 35496K, reserved 1079296K
  class space    used 4869K, capacity 5100K, committed 5120K, reserved 1048576K
Event: 17.385 GC heap after
Heap after GC invocations=8 (full 2):
 PSYoungGen      total 258048K, used 0K [0x00000000e0000000, 0x00000000f1100000, 0x0000000100000000)
  eden space 242176K, 0% used [0x00000000e0000000,0x00000000e0000000,0x00000000eec80000)
  from space 15872K, 0% used [0x00000000efc80000,0x00000000efc80000,0x00000000f0c00000)
  to   space 16384K, 0% used [0x00000000eec80000,0x00000000eec80000,0x00000000efc80000)
 ParOldGen       total 88576K, used 19413K [0x00000000a0000000, 0x00000000a5680000, 0x00000000e0000000)
  object space 88576K, 21% used [0x00000000a0000000,0x00000000a12f55e0,0x00000000a5680000)
 Metaspace       used 34546K, capacity 35310K, committed 35496K, reserved 1079296K
  class space    used 4868K, capacity 5098K, committed 5120K, reserved 1048576K
}

