# JRE version: Java(TM) SE Runtime Environment (8.0_73-b02) (build 1.8.0_73-b02)
# Java VM: Java HotSpot(TM) 64-Bit Server VM (25.73-b02 mixed mode windows-amd64 compressed oops)
Heap:
 PSYoungGen      total 444416K, used 130489K [0x00000000e0000000, 0x0000000100000000, 0x0000000100000000)
  eden space 364544K, 35% used [0x00000000e0000000,0x00000000e7f6e770,0x00000000f6400000)
  from space 79872K, 0% used [0x00000000f6400000,0x00000000f6400000,0x00000000fb200000)
  to   space 79872K, 0% used [0x00000000fb200000,0x00000000fb200000,0x0000000100000000)
 ParOldGen       total 325120K, used 103740K [0x00000000a0000000, 0x00000000b3d80000, 0x00000000e0000000)
  object space 325120K, 31% used [0x00000000a0000000,0x00000000a654f020,0x00000000b3d80000)
 Metaspace       used 109139K, capacity 114858K, committed 117248K, reserved 1150976K
  class space    used 13583K, capacity 14651K, committed 15104K, reserved 1048576K
GC Heap History (10 events):
Event: 8190.566 GC heap before
{Heap before GC invocations=35 (full 4):
 PSYoungGen      total 449024K, used 420492K [0x00000000e0000000, 0x00000000ffa00000, 0x0000000100000000)
  eden space 387072K, 100% used [0x00000000e0000000,0x00000000f7a00000,0x00000000f7a00000)
  from space 61952K, 53% used [0x00000000fbd80000,0x00000000fde231e8,0x00000000ffa00000)
  to   space 65536K, 0% used [0x00000000f7a00000,0x00000000f7a00000,0x00000000fba00000)
 ParOldGen       total 235520K, used 174170K [0x00000000a0000000, 0x00000000ae600000, 0x00000000e0000000)
  object space 235520K, 73% used [0x00000000a0000000,0x00000000aaa16b58,0x00000000ae600000)
 Metaspace       used 109966K, capacity 116178K, committed 116352K, reserved 1150976K
  class space    used 13761K, capacity 14928K, committed 14976K, reserved 1048576K
Event: 8190.597 GC heap after
Heap after GC invocations=35 (full 4):
 PSYoungGen      total 452608K, used 39487K [0x00000000e0000000, 0x0000000100000000, 0x0000000100000000)
  eden space 387072K, 0% used [0x00000000e0000000,0x00000000e0000000,0x00000000f7a00000)
  from space 65536K, 60% used [0x00000000f7a00000,0x00000000fa08ffc8,0x00000000fba00000)
  to   space 66048K, 0% used [0x00000000fbf80000,0x00000000fbf80000,0x0000000100000000)
 ParOldGen       total 235520K, used 174178K [0x00000000a0000000, 0x00000000ae600000, 0x00000000e0000000)
  object space 235520K, 73% used [0x00000000a0000000,0x00000000aaa18b58,0x00000000ae600000)
 Metaspace       used 109966K, capacity 116178K, committed 116352K, reserved 1150976K
  class space    used 13761K, capacity 14928K, committed 14976K, reserved 1048576K
}
Event: 8195.093 GC heap before
{Heap before GC invocations=36 (full 4):
 PSYoungGen      total 452608K, used 426559K [0x00000000e0000000, 0x0000000100000000, 0x0000000100000000)
  eden space 387072K, 100% used [0x00000000e0000000,0x00000000f7a00000,0x00000000f7a00000)
  from space 65536K, 60% used [0x00000000f7a00000,0x00000000fa08ffc8,0x00000000fba00000)
  to   space 66048K, 0% used [0x00000000fbf80000,0x00000000fbf80000,0x0000000100000000)
 ParOldGen       total 235520K, used 174178K [0x00000000a0000000, 0x00000000ae600000, 0x00000000e0000000)
  object space 235520K, 73% used [0x00000000a0000000,0x00000000aaa18b58,0x00000000ae600000)
 Metaspace       used 110033K, capacity 116184K, committed 116352K, reserved 1150976K
  class space    used 13762K, capacity 14930K, committed 14976K, reserved 1048576K
Event: 8195.158 GC heap after
Heap after GC invocations=36 (full 4):
 PSYoungGen      total 430592K, used 66046K [0x00000000e0000000, 0x0000000100000000, 0x0000000100000000)
  eden space 364544K, 0% used [0x00000000e0000000,0x00000000e0000000,0x00000000f6400000)
  from space 66048K, 99% used [0x00000000fbf80000,0x00000000fffff9f8,0x0000000100000000)
  to   space 79872K, 0% used [0x00000000f6400000,0x00000000f6400000,0x00000000fb200000)
 ParOldGen       total 235520K, used 186809K [0x00000000a0000000, 0x00000000ae600000, 0x00000000e0000000)
  object space 235520K, 79% used [0x00000000a0000000,0x00000000ab66e568,0x00000000ae600000)
 Metaspace       used 110033K, capacity 116184K, committed 116352K, reserved 1150976K
  class space    used 13762K, capacity 14930K, committed 14976K, reserved 1048576K
}
Event: 8196.438 GC heap before
{Heap before GC invocations=37 (full 4):
 PSYoungGen      total 430592K, used 430590K [0x00000000e0000000, 0x0000000100000000, 0x0000000100000000)
  eden space 364544K, 100% used [0x00000000e0000000,0x00000000f6400000,0x00000000f6400000)
  from space 66048K, 99% used [0x00000000fbf80000,0x00000000fffff9f8,0x0000000100000000)
  to   space 79872K, 0% used [0x00000000f6400000,0x00000000f6400000,0x00000000fb200000)
 ParOldGen       total 235520K, used 186809K [0x00000000a0000000, 0x00000000ae600000, 0x00000000e0000000)
  object space 235520K, 79% used [0x00000000a0000000,0x00000000ab66e568,0x00000000ae600000)
 Metaspace       used 110790K, capacity 116994K, committed 117248K, reserved 1150976K
  class space    used 13847K, capacity 15032K, committed 15104K, reserved 1048576K
Event: 8196.576 GC heap after
Heap after GC invocations=37 (full 4):
 PSYoungGen      total 444416K, used 79868K [0x00000000e0000000, 0x0000000100000000, 0x0000000100000000)
  eden space 364544K, 0% used [0x00000000e0000000,0x00000000e0000000,0x00000000f6400000)
  from space 79872K, 99% used [0x00000000f6400000,0x00000000fb1ff2f8,0x00000000fb200000)
  to   space 79872K, 0% used [0x00000000fb200000,0x00000000fb200000,0x0000000100000000)
 ParOldGen       total 291328K, used 290887K [0x00000000a0000000, 0x00000000b1c80000, 0x00000000e0000000)
  object space 291328K, 99% used [0x00000000a0000000,0x00000000b1c11ca8,0x00000000b1c80000)
 Metaspace       used 110790K, capacity 116994K, committed 117248K, reserved 1150976K
  class space    used 13847K, capacity 15032K, committed 15104K, reserved 1048576K
}
Event: 8196.576 GC heap before
{Heap before GC invocations=38 (full 5):
 PSYoungGen      total 444416K, used 79868K [0x00000000e0000000, 0x0000000100000000, 0x0000000100000000)
  eden space 364544K, 0% used [0x00000000e0000000,0x00000000e0000000,0x00000000f6400000)
  from space 79872K, 99% used [0x00000000f6400000,0x00000000fb1ff2f8,0x00000000fb200000)
  to   space 79872K, 0% used [0x00000000fb200000,0x00000000fb200000,0x0000000100000000)
 ParOldGen       total 291328K, used 290887K [0x00000000a0000000, 0x00000000b1c80000, 0x00000000e0000000)
  object space 291328K, 99% used [0x00000000a0000000,0x00000000b1c11ca8,0x00000000b1c80000)
 Metaspace       used 110790K, capacity 116994K, committed 117248K, reserved 1150976K
  class space    used 13847K, capacity 15032K, committed 15104K, reserved 1048576K
Event: 8197.878 GC heap after
Heap after GC invocations=38 (full 5):
 PSYoungGen      total 444416K, used 0K [0x00000000e0000000, 0x0000000100000000, 0x0000000100000000)
  eden space 364544K, 0% used [0x00000000e0000000,0x00000000e0000000,0x00000000f6400000)
  from space 79872K, 0% used [0x00000000f6400000,0x00000000f6400000,0x00000000fb200000)
  to   space 79872K, 0% used [0x00000000fb200000,0x00000000fb200000,0x0000000100000000)
 ParOldGen       total 291328K, used 256210K [0x00000000a0000000, 0x00000000b1c80000, 0x00000000e0000000)
  object space 291328K, 87% used [0x00000000a0000000,0x00000000afa34988,0x00000000b1c80000)
 Metaspace       used 109578K, capacity 115354K, committed 117248K, reserved 1150976K
  class space    used 13665K, capacity 14755K, committed 15104K, reserved 1048576K
}
Event: 8202.163 GC heap before
{Heap before GC invocations=39 (full 6):
 PSYoungGen      total 444416K, used 364544K [0x00000000e0000000, 0x0000000100000000, 0x0000000100000000)
  eden space 364544K, 100% used [0x00000000e0000000,0x00000000f6400000,0x00000000f6400000)
  from space 79872K, 0% used [0x00000000f6400000,0x00000000f6400000,0x00000000fb200000)
  to   space 79872K, 0% used [0x00000000fb200000,0x00000000fb200000,0x0000000100000000)
 ParOldGen       total 291328K, used 256210K [0x00000000a0000000, 0x00000000b1c80000, 0x00000000e0000000)
  object space 291328K, 87% used [0x00000000a0000000,0x00000000afa34988,0x00000000b1c80000)
 Metaspace       used 109860K, capacity 115610K, committed 117248K, reserved 1150976K
  class space    used 13669K, capacity 14755K, committed 15104K, reserved 1048576K
Event: 8202.507 GC heap after
Heap after GC invocations=39 (full 6):
 PSYoungGen      total 444416K, used 0K [0x00000000e0000000, 0x0000000100000000, 0x0000000100000000)
  eden space 364544K, 0% used [0x00000000e0000000,0x00000000e0000000,0x00000000f6400000)
  from space 79872K, 0% used [0x00000000f6400000,0x00000000f6400000,0x00000000fb200000)
  to   space 79872K, 0% used [0x00000000fb200000,0x00000000fb200000,0x0000000100000000)
 ParOldGen       total 325120K, used 103740K [0x00000000a0000000, 0x00000000b3d80000, 0x00000000e0000000)
  object space 325120K, 31% used [0x00000000a0000000,0x00000000a654f020,0x00000000b3d80000)
 Metaspace       used 109139K, capacity 114858K, committed 117248K, reserved 1150976K
  class space    used 13583K, capacity 14651K, committed 15104K, reserved 1048576K
}

