# JRE version: Java(TM) SE Runtime Environment (8.0_73-b02) (build 1.8.0_73-b02)
# Java VM: Java HotSpot(TM) 64-Bit Server VM (25.73-b02 mixed mode windows-amd64 compressed oops)
Heap:
 PSYoungGen      total 349696K, used 128934K [0x00000000e0000000, 0x0000000100000000, 0x0000000100000000)
  eden space 175104K, 62% used [0x00000000e0000000,0x00000000e6b3c450,0x00000000eab00000)
  from space 174592K, 10% used [0x00000000eab00000,0x00000000ebdad4c0,0x00000000f5580000)
  to   space 174592K, 0% used [0x00000000f5580000,0x00000000f5580000,0x0000000100000000)
 ParOldGen       total 369664K, used 136297K [0x00000000a0000000, 0x00000000b6900000, 0x00000000e0000000)
  object space 369664K, 36% used [0x00000000a0000000,0x00000000a851a450,0x00000000b6900000)
 Metaspace       used 120716K, capacity 128548K, committed 129664K, reserved 1163264K
  class space    used 14923K, capacity 16276K, committed 16512K, reserved 1048576K
GC Heap History (10 events):
Event: 1235.848 GC heap before
{Heap before GC invocations=39 (full 5):
 PSYoungGen      total 349696K, used 340848K [0x00000000e0000000, 0x0000000100000000, 0x0000000100000000)
  eden space 175104K, 100% used [0x00000000e0000000,0x00000000eab00000,0x00000000eab00000)
  from space 174592K, 94% used [0x00000000eab00000,0x00000000f4cdc148,0x00000000f5580000)
  to   space 174592K, 0% used [0x00000000f5580000,0x00000000f5580000,0x0000000100000000)
 ParOldGen       total 306176K, used 122451K [0x00000000a0000000, 0x00000000b2b00000, 0x00000000e0000000)
  object space 306176K, 39% used [0x00000000a0000000,0x00000000a7794e08,0x00000000b2b00000)
 Metaspace       used 113297K, capacity 120532K, committed 120704K, reserved 1155072K
  class space    used 13927K, capacity 15206K, committed 15232K, reserved 1048576K
Event: 1235.964 GC heap after
Heap after GC invocations=39 (full 5):
 PSYoungGen      total 349696K, used 146981K [0x00000000e0000000, 0x0000000100000000, 0x0000000100000000)
  eden space 175104K, 0% used [0x00000000e0000000,0x00000000e0000000,0x00000000eab00000)
  from space 174592K, 84% used [0x00000000f5580000,0x00000000fe5097e0,0x0000000100000000)
  to   space 174592K, 0% used [0x00000000eab00000,0x00000000eab00000,0x00000000f5580000)
 ParOldGen       total 306176K, used 122459K [0x00000000a0000000, 0x00000000b2b00000, 0x00000000e0000000)
  object space 306176K, 39% used [0x00000000a0000000,0x00000000a7796e08,0x00000000b2b00000)
 Metaspace       used 113297K, capacity 120532K, committed 120704K, reserved 1155072K
  class space    used 13927K, capacity 15206K, committed 15232K, reserved 1048576K
}
Event: 1237.435 GC heap before
{Heap before GC invocations=40 (full 5):
 PSYoungGen      total 349696K, used 322085K [0x00000000e0000000, 0x0000000100000000, 0x0000000100000000)
  eden space 175104K, 100% used [0x00000000e0000000,0x00000000eab00000,0x00000000eab00000)
  from space 174592K, 84% used [0x00000000f5580000,0x00000000fe5097e0,0x0000000100000000)
  to   space 174592K, 0% used [0x00000000eab00000,0x00000000eab00000,0x00000000f5580000)
 ParOldGen       total 306176K, used 122459K [0x00000000a0000000, 0x00000000b2b00000, 0x00000000e0000000)
  object space 306176K, 39% used [0x00000000a0000000,0x00000000a7796e08,0x00000000b2b00000)
 Metaspace       used 120387K, capacity 128210K, committed 128512K, reserved 1161216K
  class space    used 14955K, capacity 16329K, committed 16384K, reserved 1048576K
Event: 1237.540 GC heap after
Heap after GC invocations=40 (full 5):
 PSYoungGen      total 349696K, used 165467K [0x00000000e0000000, 0x0000000100000000, 0x0000000100000000)
  eden space 175104K, 0% used [0x00000000e0000000,0x00000000e0000000,0x00000000eab00000)
  from space 174592K, 94% used [0x00000000eab00000,0x00000000f4c96c28,0x00000000f5580000)
  to   space 174592K, 0% used [0x00000000f5580000,0x00000000f5580000,0x0000000100000000)
 ParOldGen       total 306176K, used 122467K [0x00000000a0000000, 0x00000000b2b00000, 0x00000000e0000000)
  object space 306176K, 39% used [0x00000000a0000000,0x00000000a7798e08,0x00000000b2b00000)
 Metaspace       used 120387K, capacity 128210K, committed 128512K, reserved 1161216K
  class space    used 14955K, capacity 16329K, committed 16384K, reserved 1048576K
}
Event: 1238.562 GC heap before
{Heap before GC invocations=41 (full 5):
 PSYoungGen      total 349696K, used 340571K [0x00000000e0000000, 0x0000000100000000, 0x0000000100000000)
  eden space 175104K, 100% used [0x00000000e0000000,0x00000000eab00000,0x00000000eab00000)
  from space 174592K, 94% used [0x00000000eab00000,0x00000000f4c96c28,0x00000000f5580000)
  to   space 174592K, 0% used [0x00000000f5580000,0x00000000f5580000,0x0000000100000000)
 ParOldGen       total 306176K, used 122467K [0x00000000a0000000, 0x00000000b2b00000, 0x00000000e0000000)
  object space 306176K, 39% used [0x00000000a0000000,0x00000000a7798e08,0x00000000b2b00000)
 Metaspace       used 121392K, capacity 129296K, committed 129664K, reserved 1163264K
  class space    used 15021K, capacity 16406K, committed 16512K, reserved 1048576K
Event: 1238.664 GC heap after
Heap after GC invocations=41 (full 5):
 PSYoungGen      total 349696K, used 45612K [0x00000000e0000000, 0x0000000100000000, 0x0000000100000000)
  eden space 175104K, 0% used [0x00000000e0000000,0x00000000e0000000,0x00000000eab00000)
  from space 174592K, 26% used [0x00000000f5580000,0x00000000f820b050,0x0000000100000000)
  to   space 174592K, 0% used [0x00000000eab00000,0x00000000eab00000,0x00000000f5580000)
 ParOldGen       total 306176K, used 239906K [0x00000000a0000000, 0x00000000b2b00000, 0x00000000e0000000)
  object space 306176K, 78% used [0x00000000a0000000,0x00000000aea48900,0x00000000b2b00000)
 Metaspace       used 121392K, capacity 129296K, committed 129664K, reserved 1163264K
  class space    used 15021K, capacity 16406K, committed 16512K, reserved 1048576K
}
Event: 1238.664 GC heap before
{Heap before GC invocations=42 (full 6):
 PSYoungGen      total 349696K, used 45612K [0x00000000e0000000, 0x0000000100000000, 0x0000000100000000)
  eden space 175104K, 0% used [0x00000000e0000000,0x00000000e0000000,0x00000000eab00000)
  from space 174592K, 26% used [0x00000000f5580000,0x00000000f820b050,0x0000000100000000)
  to   space 174592K, 0% used [0x00000000eab00000,0x00000000eab00000,0x00000000f5580000)
 ParOldGen       total 306176K, used 239906K [0x00000000a0000000, 0x00000000b2b00000, 0x00000000e0000000)
  object space 306176K, 78% used [0x00000000a0000000,0x00000000aea48900,0x00000000b2b00000)
 Metaspace       used 121392K, capacity 129296K, committed 129664K, reserved 1163264K
  class space    used 15021K, capacity 16406K, committed 16512K, reserved 1048576K
Event: 1238.987 GC heap after
Heap after GC invocations=42 (full 6):
 PSYoungGen      total 349696K, used 0K [0x00000000e0000000, 0x0000000100000000, 0x0000000100000000)
  eden space 175104K, 0% used [0x00000000e0000000,0x00000000e0000000,0x00000000eab00000)
  from space 174592K, 0% used [0x00000000f5580000,0x00000000f5580000,0x0000000100000000)
  to   space 174592K, 0% used [0x00000000eab00000,0x00000000eab00000,0x00000000f5580000)
 ParOldGen       total 369664K, used 136297K [0x00000000a0000000, 0x00000000b6900000, 0x00000000e0000000)
  object space 369664K, 36% used [0x00000000a0000000,0x00000000a851a450,0x00000000b6900000)
 Metaspace       used 120627K, capacity 128454K, committed 129664K, reserved 1163264K
  class space    used 14920K, capacity 16275K, committed 16512K, reserved 1048576K
}
Event: 1239.689 GC heap before
{Heap before GC invocations=43 (full 6):
 PSYoungGen      total 349696K, used 175104K [0x00000000e0000000, 0x0000000100000000, 0x0000000100000000)
  eden space 175104K, 100% used [0x00000000e0000000,0x00000000eab00000,0x00000000eab00000)
  from space 174592K, 0% used [0x00000000f5580000,0x00000000f5580000,0x0000000100000000)
  to   space 174592K, 0% used [0x00000000eab00000,0x00000000eab00000,0x00000000f5580000)
 ParOldGen       total 369664K, used 136297K [0x00000000a0000000, 0x00000000b6900000, 0x00000000e0000000)
  object space 369664K, 36% used [0x00000000a0000000,0x00000000a851a450,0x00000000b6900000)
 Metaspace       used 120684K, capacity 128540K, committed 129664K, reserved 1163264K
  class space    used 14923K, capacity 16276K, committed 16512K, reserved 1048576K
Event: 1239.702 GC heap after
Heap after GC invocations=43 (full 6):
 PSYoungGen      total 349696K, used 19125K [0x00000000e0000000, 0x0000000100000000, 0x0000000100000000)
  eden space 175104K, 0% used [0x00000000e0000000,0x00000000e0000000,0x00000000eab00000)
  from space 174592K, 10% used [0x00000000eab00000,0x00000000ebdad4c0,0x00000000f5580000)
  to   space 174592K, 0% used [0x00000000f5580000,0x00000000f5580000,0x0000000100000000)
 ParOldGen       total 369664K, used 136297K [0x00000000a0000000, 0x00000000b6900000, 0x00000000e0000000)
  object space 369664K, 36% used [0x00000000a0000000,0x00000000a851a450,0x00000000b6900000)
 Metaspace       used 120684K, capacity 128540K, committed 129664K, reserved 1163264K
  class space    used 14923K, capacity 16276K, committed 16512K, reserved 1048576K
}

