# JRE version: Java(TM) SE Runtime Environment (8.0_73-b02) (build 1.8.0_73-b02)
# Java VM: Java HotSpot(TM) 64-Bit Server VM (25.73-b02 mixed mode windows-amd64 compressed oops)
Heap:
 PSYoungGen      total 336896K, used 198539K [0x00000000e0000000, 0x0000000100000000, 0x0000000100000000)
  eden space 238592K, 78% used [0x00000000e0000000,0x00000000eb7e4ec0,0x00000000ee900000)
  from space 98304K, 10% used [0x00000000fa000000,0x00000000fa9fdde8,0x0000000100000000)
  to   space 142848K, 0% used [0x00000000ee900000,0x00000000ee900000,0x00000000f7480000)
 ParOldGen       total 453120K, used 250283K [0x00000000a0000000, 0x00000000bba80000, 0x00000000e0000000)
  object space 453120K, 55% used [0x00000000a0000000,0x00000000af46ae38,0x00000000bba80000)
 Metaspace       used 118992K, capacity 125202K, committed 129152K, reserved 1163264K
  class space    used 14518K, capacity 15663K, committed 16256K, reserved 1048576K
GC Heap History (10 events):
Event: 6067.946 GC heap before
{Heap before GC invocations=54 (full 5):
 PSYoungGen      total 430592K, used 403477K [0x00000000e0000000, 0x00000000ffb80000, 0x0000000100000000)
  eden space 347136K, 100% used [0x00000000e0000000,0x00000000f5300000,0x00000000f5300000)
  from space 83456K, 67% used [0x00000000fa480000,0x00000000fdb85750,0x00000000ff600000)
  to   space 83456K, 0% used [0x00000000f5300000,0x00000000f5300000,0x00000000fa480000)
 ParOldGen       total 291328K, used 178514K [0x00000000a0000000, 0x00000000b1c80000, 0x00000000e0000000)
  object space 291328K, 61% used [0x00000000a0000000,0x00000000aae54b00,0x00000000b1c80000)
 Metaspace       used 120958K, capacity 127576K, committed 127744K, reserved 1161216K
  class space    used 14828K, capacity 16086K, committed 16128K, reserved 1048576K
Event: 6068.044 GC heap after
Heap after GC invocations=54 (full 5):
 PSYoungGen      total 430592K, used 50461K [0x00000000e0000000, 0x00000000ffc00000, 0x0000000100000000)
  eden space 347136K, 0% used [0x00000000e0000000,0x00000000e0000000,0x00000000f5300000)
  from space 83456K, 60% used [0x00000000f5300000,0x00000000f84477e8,0x00000000fa480000)
  to   space 81408K, 0% used [0x00000000fac80000,0x00000000fac80000,0x00000000ffc00000)
 ParOldGen       total 291328K, used 178538K [0x00000000a0000000, 0x00000000b1c80000, 0x00000000e0000000)
  object space 291328K, 61% used [0x00000000a0000000,0x00000000aae5ab00,0x00000000b1c80000)
 Metaspace       used 120958K, capacity 127576K, committed 127744K, reserved 1161216K
  class space    used 14828K, capacity 16086K, committed 16128K, reserved 1048576K
}
Event: 6075.055 GC heap before
{Heap before GC invocations=55 (full 5):
 PSYoungGen      total 430592K, used 397597K [0x00000000e0000000, 0x00000000ffc00000, 0x0000000100000000)
  eden space 347136K, 100% used [0x00000000e0000000,0x00000000f5300000,0x00000000f5300000)
  from space 83456K, 60% used [0x00000000f5300000,0x00000000f84477e8,0x00000000fa480000)
  to   space 81408K, 0% used [0x00000000fac80000,0x00000000fac80000,0x00000000ffc00000)
 ParOldGen       total 291328K, used 178538K [0x00000000a0000000, 0x00000000b1c80000, 0x00000000e0000000)
  object space 291328K, 61% used [0x00000000a0000000,0x00000000aae5ab00,0x00000000b1c80000)
 Metaspace       used 121491K, capacity 128234K, committed 128384K, reserved 1161216K
  class space    used 14871K, capacity 16154K, committed 16256K, reserved 1048576K
Event: 6075.340 GC heap after
Heap after GC invocations=55 (full 5):
 PSYoungGen      total 409088K, used 81384K [0x00000000e0000000, 0x0000000100000000, 0x0000000100000000)
  eden space 327680K, 0% used [0x00000000e0000000,0x00000000e0000000,0x00000000f4000000)
  from space 81408K, 99% used [0x00000000fac80000,0x00000000ffbfa300,0x00000000ffc00000)
  to   space 98304K, 0% used [0x00000000f4000000,0x00000000f4000000,0x00000000fa000000)
 ParOldGen       total 291328K, used 199294K [0x00000000a0000000, 0x00000000b1c80000, 0x00000000e0000000)
  object space 291328K, 68% used [0x00000000a0000000,0x00000000ac29faf0,0x00000000b1c80000)
 Metaspace       used 121491K, capacity 128234K, committed 128384K, reserved 1161216K
  class space    used 14871K, capacity 16154K, committed 16256K, reserved 1048576K
}
Event: 6076.866 GC heap before
{Heap before GC invocations=56 (full 5):
 PSYoungGen      total 409088K, used 409064K [0x00000000e0000000, 0x0000000100000000, 0x0000000100000000)
  eden space 327680K, 100% used [0x00000000e0000000,0x00000000f4000000,0x00000000f4000000)
  from space 81408K, 99% used [0x00000000fac80000,0x00000000ffbfa300,0x00000000ffc00000)
  to   space 98304K, 0% used [0x00000000f4000000,0x00000000f4000000,0x00000000fa000000)
 ParOldGen       total 291328K, used 199294K [0x00000000a0000000, 0x00000000b1c80000, 0x00000000e0000000)
  object space 291328K, 68% used [0x00000000a0000000,0x00000000ac29faf0,0x00000000b1c80000)
 Metaspace       used 122227K, capacity 128980K, committed 129152K, reserved 1163264K
  class space    used 14956K, capacity 16256K, committed 16256K, reserved 1048576K
Event: 6077.090 GC heap after
Heap after GC invocations=56 (full 5):
 PSYoungGen      total 425984K, used 98298K [0x00000000e0000000, 0x0000000100000000, 0x0000000100000000)
  eden space 327680K, 0% used [0x00000000e0000000,0x00000000e0000000,0x00000000f4000000)
  from space 98304K, 99% used [0x00000000f4000000,0x00000000f9ffeba8,0x00000000fa000000)
  to   space 98304K, 0% used [0x00000000fa000000,0x00000000fa000000,0x0000000100000000)
 ParOldGen       total 291328K, used 281891K [0x00000000a0000000, 0x00000000b1c80000, 0x00000000e0000000)
  object space 291328K, 96% used [0x00000000a0000000,0x00000000b1348fe0,0x00000000b1c80000)
 Metaspace       used 122227K, capacity 128980K, committed 129152K, reserved 1163264K
  class space    used 14956K, capacity 16256K, committed 16256K, reserved 1048576K
}
Event: 6077.090 GC heap before
{Heap before GC invocations=57 (full 6):
 PSYoungGen      total 425984K, used 98298K [0x00000000e0000000, 0x0000000100000000, 0x0000000100000000)
  eden space 327680K, 0% used [0x00000000e0000000,0x00000000e0000000,0x00000000f4000000)
  from space 98304K, 99% used [0x00000000f4000000,0x00000000f9ffeba8,0x00000000fa000000)
  to   space 98304K, 0% used [0x00000000fa000000,0x00000000fa000000,0x0000000100000000)
 ParOldGen       total 291328K, used 281891K [0x00000000a0000000, 0x00000000b1c80000, 0x00000000e0000000)
  object space 291328K, 96% used [0x00000000a0000000,0x00000000b1348fe0,0x00000000b1c80000)
 Metaspace       used 122227K, capacity 128980K, committed 129152K, reserved 1163264K
  class space    used 14956K, capacity 16256K, committed 16256K, reserved 1048576K
Event: 6078.434 GC heap after
Heap after GC invocations=57 (full 6):
 PSYoungGen      total 425984K, used 0K [0x00000000e0000000, 0x0000000100000000, 0x0000000100000000)
  eden space 327680K, 0% used [0x00000000e0000000,0x00000000e0000000,0x00000000f4000000)
  from space 98304K, 0% used [0x00000000f4000000,0x00000000f4000000,0x00000000fa000000)
  to   space 98304K, 0% used [0x00000000fa000000,0x00000000fa000000,0x0000000100000000)
 ParOldGen       total 453120K, used 250283K [0x00000000a0000000, 0x00000000bba80000, 0x00000000e0000000)
  object space 453120K, 55% used [0x00000000a0000000,0x00000000af46ae38,0x00000000bba80000)
 Metaspace       used 118899K, capacity 125138K, committed 129152K, reserved 1163264K
  class space    used 14518K, capacity 15663K, committed 16256K, reserved 1048576K
}
Event: 6081.448 GC heap before
{Heap before GC invocations=58 (full 6):
 PSYoungGen      total 425984K, used 327680K [0x00000000e0000000, 0x0000000100000000, 0x0000000100000000)
  eden space 327680K, 100% used [0x00000000e0000000,0x00000000f4000000,0x00000000f4000000)
  from space 98304K, 0% used [0x00000000f4000000,0x00000000f4000000,0x00000000fa000000)
  to   space 98304K, 0% used [0x00000000fa000000,0x00000000fa000000,0x0000000100000000)
 ParOldGen       total 453120K, used 250283K [0x00000000a0000000, 0x00000000bba80000, 0x00000000e0000000)
  object space 453120K, 55% used [0x00000000a0000000,0x00000000af46ae38,0x00000000bba80000)
 Metaspace       used 118992K, capacity 125202K, committed 129152K, reserved 1163264K
  class space    used 14518K, capacity 15663K, committed 16256K, reserved 1048576K
Event: 6081.482 GC heap after
Heap after GC invocations=58 (full 6):
 PSYoungGen      total 336896K, used 10231K [0x00000000e0000000, 0x0000000100000000, 0x0000000100000000)
  eden space 238592K, 0% used [0x00000000e0000000,0x00000000e0000000,0x00000000ee900000)
  from space 98304K, 10% used [0x00000000fa000000,0x00000000fa9fdde8,0x0000000100000000)
  to   space 142848K, 0% used [0x00000000ee900000,0x00000000ee900000,0x00000000f7480000)
 ParOldGen       total 453120K, used 250283K [0x00000000a0000000, 0x00000000bba80000, 0x00000000e0000000)
  object space 453120K, 55% used [0x00000000a0000000,0x00000000af46ae38,0x00000000bba80000)
 Metaspace       used 118992K, capacity 125202K, committed 129152K, reserved 1163264K
  class space    used 14518K, capacity 15663K, committed 16256K, reserved 1048576K
}

