# JRE version: Java(TM) SE Runtime Environment (8.0_73-b02) (build 1.8.0_73-b02)
# Java VM: Java HotSpot(TM) 64-Bit Server VM (25.73-b02 mixed mode windows-amd64 compressed oops)
Heap:
 PSYoungGen      total 387072K, used 180442K [0x00000000e0000000, 0x00000000ff400000, 0x0000000100000000)
  eden space 270336K, 45% used [0x00000000e0000000,0x00000000e7831e08,0x00000000f0800000)
  from space 116736K, 49% used [0x00000000f8200000,0x00000000fba04d50,0x00000000ff400000)
  to   space 120832K, 0% used [0x00000000f0800000,0x00000000f0800000,0x00000000f7e00000)
 ParOldGen       total 344576K, used 108752K [0x00000000a0000000, 0x00000000b5080000, 0x00000000e0000000)
  object space 344576K, 31% used [0x00000000a0000000,0x00000000a6a341b0,0x00000000b5080000)
 Metaspace       used 112235K, capacity 118996K, committed 120064K, reserved 1155072K
  class space    used 13741K, capacity 14884K, committed 15360K, reserved 1048576K
GC Heap History (10 events):
Event: 8841.923 GC heap before
{Heap before GC invocations=84 (full 10):
 PSYoungGen      total 340992K, used 91126K [0x00000000e0000000, 0x0000000100000000, 0x0000000100000000)
  eden space 249856K, 0% used [0x00000000e0000000,0x00000000e0000000,0x00000000ef400000)
  from space 91136K, 99% used [0x00000000fa700000,0x00000000ffffd940,0x0000000100000000)
  to   space 137216K, 0% used [0x00000000ef400000,0x00000000ef400000,0x00000000f7a00000)
 ParOldGen       total 340992K, used 276671K [0x00000000a0000000, 0x00000000b4d00000, 0x00000000e0000000)
  object space 340992K, 81% used [0x00000000a0000000,0x00000000b0e2fe58,0x00000000b4d00000)
 Metaspace       used 112823K, capacity 119664K, committed 120064K, reserved 1155072K
  class space    used 13831K, capacity 14999K, committed 15360K, reserved 1048576K
Event: 8842.355 GC heap after
Heap after GC invocations=84 (full 10):
 PSYoungGen      total 340992K, used 0K [0x00000000e0000000, 0x0000000100000000, 0x0000000100000000)
  eden space 249856K, 0% used [0x00000000e0000000,0x00000000e0000000,0x00000000ef400000)
  from space 91136K, 0% used [0x00000000fa700000,0x00000000fa700000,0x0000000100000000)
  to   space 137216K, 0% used [0x00000000ef400000,0x00000000ef400000,0x00000000f7a00000)
 ParOldGen       total 344576K, used 108752K [0x00000000a0000000, 0x00000000b5080000, 0x00000000e0000000)
  object space 344576K, 31% used [0x00000000a0000000,0x00000000a6a341b0,0x00000000b5080000)
 Metaspace       used 112007K, capacity 118750K, committed 120064K, reserved 1155072K
  class space    used 13730K, capacity 14868K, committed 15360K, reserved 1048576K
}
Event: 8842.990 GC heap before
{Heap before GC invocations=85 (full 10):
 PSYoungGen      total 340992K, used 249856K [0x00000000e0000000, 0x0000000100000000, 0x0000000100000000)
  eden space 249856K, 100% used [0x00000000e0000000,0x00000000ef400000,0x00000000ef400000)
  from space 91136K, 0% used [0x00000000fa700000,0x00000000fa700000,0x0000000100000000)
  to   space 137216K, 0% used [0x00000000ef400000,0x00000000ef400000,0x00000000f7a00000)
 ParOldGen       total 344576K, used 108752K [0x00000000a0000000, 0x00000000b5080000, 0x00000000e0000000)
  object space 344576K, 31% used [0x00000000a0000000,0x00000000a6a341b0,0x00000000b5080000)
 Metaspace       used 112007K, capacity 118750K, committed 120064K, reserved 1155072K
  class space    used 13730K, capacity 14868K, committed 15360K, reserved 1048576K
Event: 8842.994 GC heap after
Heap after GC invocations=85 (full 10):
 PSYoungGen      total 387072K, used 1567K [0x00000000e0000000, 0x0000000100000000, 0x0000000100000000)
  eden space 249856K, 0% used [0x00000000e0000000,0x00000000e0000000,0x00000000ef400000)
  from space 137216K, 1% used [0x00000000ef400000,0x00000000ef587c88,0x00000000f7a00000)
  to   space 136704K, 0% used [0x00000000f7a80000,0x00000000f7a80000,0x0000000100000000)
 ParOldGen       total 344576K, used 108752K [0x00000000a0000000, 0x00000000b5080000, 0x00000000e0000000)
  object space 344576K, 31% used [0x00000000a0000000,0x00000000a6a341b0,0x00000000b5080000)
 Metaspace       used 112007K, capacity 118750K, committed 120064K, reserved 1155072K
  class space    used 13730K, capacity 14868K, committed 15360K, reserved 1048576K
}
Event: 8843.488 GC heap before
{Heap before GC invocations=86 (full 10):
 PSYoungGen      total 387072K, used 251423K [0x00000000e0000000, 0x0000000100000000, 0x0000000100000000)
  eden space 249856K, 100% used [0x00000000e0000000,0x00000000ef400000,0x00000000ef400000)
  from space 137216K, 1% used [0x00000000ef400000,0x00000000ef587c88,0x00000000f7a00000)
  to   space 136704K, 0% used [0x00000000f7a80000,0x00000000f7a80000,0x0000000100000000)
 ParOldGen       total 344576K, used 108752K [0x00000000a0000000, 0x00000000b5080000, 0x00000000e0000000)
  object space 344576K, 31% used [0x00000000a0000000,0x00000000a6a341b0,0x00000000b5080000)
 Metaspace       used 112015K, capacity 118750K, committed 120064K, reserved 1155072K
  class space    used 13730K, capacity 14868K, committed 15360K, reserved 1048576K
Event: 8843.509 GC heap after
Heap after GC invocations=86 (full 10):
 PSYoungGen      total 373248K, used 31313K [0x00000000e0000000, 0x00000000ff280000, 0x0000000100000000)
  eden space 250368K, 0% used [0x00000000e0000000,0x00000000e0000000,0x00000000ef480000)
  from space 122880K, 25% used [0x00000000f7a80000,0x00000000f9914548,0x00000000ff280000)
  to   space 130048K, 0% used [0x00000000ef480000,0x00000000ef480000,0x00000000f7380000)
 ParOldGen       total 344576K, used 108752K [0x00000000a0000000, 0x00000000b5080000, 0x00000000e0000000)
  object space 344576K, 31% used [0x00000000a0000000,0x00000000a6a341b0,0x00000000b5080000)
 Metaspace       used 112015K, capacity 118750K, committed 120064K, reserved 1155072K
  class space    used 13730K, capacity 14868K, committed 15360K, reserved 1048576K
}
Event: 8845.074 GC heap before
{Heap before GC invocations=87 (full 10):
 PSYoungGen      total 373248K, used 281681K [0x00000000e0000000, 0x00000000ff280000, 0x0000000100000000)
  eden space 250368K, 100% used [0x00000000e0000000,0x00000000ef480000,0x00000000ef480000)
  from space 122880K, 25% used [0x00000000f7a80000,0x00000000f9914548,0x00000000ff280000)
  to   space 130048K, 0% used [0x00000000ef480000,0x00000000ef480000,0x00000000f7380000)
 ParOldGen       total 344576K, used 108752K [0x00000000a0000000, 0x00000000b5080000, 0x00000000e0000000)
  object space 344576K, 31% used [0x00000000a0000000,0x00000000a6a341b0,0x00000000b5080000)
 Metaspace       used 112109K, capacity 118810K, committed 120064K, reserved 1155072K
  class space    used 13738K, capacity 14879K, committed 15360K, reserved 1048576K
Event: 8845.108 GC heap after
Heap after GC invocations=87 (full 10):
 PSYoungGen      total 380416K, used 50848K [0x00000000e0000000, 0x00000000ffb00000, 0x0000000100000000)
  eden space 250368K, 0% used [0x00000000e0000000,0x00000000e0000000,0x00000000ef480000)
  from space 130048K, 39% used [0x00000000ef480000,0x00000000f2628098,0x00000000f7380000)
  to   space 123904K, 0% used [0x00000000f8200000,0x00000000f8200000,0x00000000ffb00000)
 ParOldGen       total 344576K, used 108752K [0x00000000a0000000, 0x00000000b5080000, 0x00000000e0000000)
  object space 344576K, 31% used [0x00000000a0000000,0x00000000a6a341b0,0x00000000b5080000)
 Metaspace       used 112109K, capacity 118810K, committed 120064K, reserved 1155072K
  class space    used 13738K, capacity 14879K, committed 15360K, reserved 1048576K
}
Event: 8850.242 GC heap before
{Heap before GC invocations=88 (full 10):
 PSYoungGen      total 380416K, used 301216K [0x00000000e0000000, 0x00000000ffb00000, 0x0000000100000000)
  eden space 250368K, 100% used [0x00000000e0000000,0x00000000ef480000,0x00000000ef480000)
  from space 130048K, 39% used [0x00000000ef480000,0x00000000f2628098,0x00000000f7380000)
  to   space 123904K, 0% used [0x00000000f8200000,0x00000000f8200000,0x00000000ffb00000)
 ParOldGen       total 344576K, used 108752K [0x00000000a0000000, 0x00000000b5080000, 0x00000000e0000000)
  object space 344576K, 31% used [0x00000000a0000000,0x00000000a6a341b0,0x00000000b5080000)
 Metaspace       used 112195K, capacity 118914K, committed 120064K, reserved 1155072K
  class space    used 13741K, capacity 14883K, committed 15360K, reserved 1048576K
Event: 8850.266 GC heap after
Heap after GC invocations=88 (full 10):
 PSYoungGen      total 387072K, used 57363K [0x00000000e0000000, 0x00000000ff400000, 0x0000000100000000)
  eden space 270336K, 0% used [0x00000000e0000000,0x00000000e0000000,0x00000000f0800000)
  from space 116736K, 49% used [0x00000000f8200000,0x00000000fba04d50,0x00000000ff400000)
  to   space 120832K, 0% used [0x00000000f0800000,0x00000000f0800000,0x00000000f7e00000)
 ParOldGen       total 344576K, used 108752K [0x00000000a0000000, 0x00000000b5080000, 0x00000000e0000000)
  object space 344576K, 31% used [0x00000000a0000000,0x00000000a6a341b0,0x00000000b5080000)
 Metaspace       used 112195K, capacity 118914K, committed 120064K, reserved 1155072K
  class space    used 13741K, capacity 14883K, committed 15360K, reserved 1048576K
}

