# JRE version: Java(TM) SE Runtime Environment (8.0_73-b02) (build 1.8.0_73-b02)
# Java VM: Java HotSpot(TM) 64-Bit Server VM (25.73-b02 mixed mode windows-amd64 compressed oops)
Heap:
 PSYoungGen      total 379904K, used 87187K [0x00000000e0000000, 0x00000000ff000000, 0x0000000100000000)
  eden space 256512K, 25% used [0x00000000e0000000,0x00000000e3f96030,0x00000000efa80000)
  from space 123392K, 17% used [0x00000000efa80000,0x00000000f100ed00,0x00000000f7300000)
  to   space 117760K, 0% used [0x00000000f7d00000,0x00000000f7d00000,0x00000000ff000000)
 ParOldGen       total 537088K, used 307715K [0x00000000a0000000, 0x00000000c0c80000, 0x00000000e0000000)
  object space 537088K, 57% used [0x00000000a0000000,0x00000000b2c80c60,0x00000000c0c80000)
 Metaspace       used 176708K, capacity 185830K, committed 186112K, reserved 1212416K
  class space    used 21699K, capacity 23482K, committed 23552K, reserved 1048576K
GC Heap History (10 events):
Event: 7911.236 GC heap before
{Heap before GC invocations=84 (full 11):
 PSYoungGen      total 380416K, used 254826K [0x00000000e0000000, 0x0000000100000000, 0x0000000100000000)
  eden space 231936K, 100% used [0x00000000e0000000,0x00000000ee280000,0x00000000ee280000)
  from space 148480K, 15% used [0x00000000f6f00000,0x00000000f855ab58,0x0000000100000000)
  to   space 143872K, 0% used [0x00000000ee280000,0x00000000ee280000,0x00000000f6f00000)
 ParOldGen       total 537088K, used 240112K [0x00000000a0000000, 0x00000000c0c80000, 0x00000000e0000000)
  object space 537088K, 44% used [0x00000000a0000000,0x00000000aea7c2c0,0x00000000c0c80000)
 Metaspace       used 161609K, capacity 168704K, committed 168960K, reserved 1198080K
  class space    used 19710K, capacity 21144K, committed 21248K, reserved 1048576K
Event: 7911.318 GC heap after
Heap after GC invocations=84 (full 11):
 PSYoungGen      total 248832K, used 16669K [0x00000000e0000000, 0x00000000ff380000, 0x0000000100000000)
  eden space 231936K, 0% used [0x00000000e0000000,0x00000000e0000000,0x00000000ee280000)
  from space 16896K, 98% used [0x00000000ee280000,0x00000000ef2c7518,0x00000000ef300000)
  to   space 139776K, 0% used [0x00000000f6b00000,0x00000000f6b00000,0x00000000ff380000)
 ParOldGen       total 537088K, used 261119K [0x00000000a0000000, 0x00000000c0c80000, 0x00000000e0000000)
  object space 537088K, 48% used [0x00000000a0000000,0x00000000afeffc58,0x00000000c0c80000)
 Metaspace       used 161609K, capacity 168704K, committed 168960K, reserved 1198080K
  class space    used 19710K, capacity 21144K, committed 21248K, reserved 1048576K
}
Event: 7914.083 GC heap before
{Heap before GC invocations=85 (full 11):
 PSYoungGen      total 248832K, used 248605K [0x00000000e0000000, 0x00000000ff380000, 0x0000000100000000)
  eden space 231936K, 100% used [0x00000000e0000000,0x00000000ee280000,0x00000000ee280000)
  from space 16896K, 98% used [0x00000000ee280000,0x00000000ef2c7518,0x00000000ef300000)
  to   space 139776K, 0% used [0x00000000f6b00000,0x00000000f6b00000,0x00000000ff380000)
 ParOldGen       total 537088K, used 261119K [0x00000000a0000000, 0x00000000c0c80000, 0x00000000e0000000)
  object space 537088K, 48% used [0x00000000a0000000,0x00000000afeffc58,0x00000000c0c80000)
 Metaspace       used 170575K, capacity 178852K, committed 179072K, reserved 1206272K
  class space    used 21146K, capacity 22805K, committed 22912K, reserved 1048576K
Event: 7914.137 GC heap after
Heap after GC invocations=85 (full 11):
 PSYoungGen      total 377856K, used 28193K [0x00000000e0000000, 0x0000000100000000, 0x0000000100000000)
  eden space 238080K, 0% used [0x00000000e0000000,0x00000000e0000000,0x00000000ee880000)
  from space 139776K, 20% used [0x00000000f6b00000,0x00000000f86887c0,0x00000000ff380000)
  to   space 133632K, 0% used [0x00000000ee880000,0x00000000ee880000,0x00000000f6b00000)
 ParOldGen       total 537088K, used 270851K [0x00000000a0000000, 0x00000000c0c80000, 0x00000000e0000000)
  object space 537088K, 50% used [0x00000000a0000000,0x00000000b0880ee8,0x00000000c0c80000)
 Metaspace       used 170575K, capacity 178852K, committed 179072K, reserved 1206272K
  class space    used 21146K, capacity 22805K, committed 22912K, reserved 1048576K
}
Event: 7916.247 GC heap before
{Heap before GC invocations=86 (full 11):
 PSYoungGen      total 377856K, used 266273K [0x00000000e0000000, 0x0000000100000000, 0x0000000100000000)
  eden space 238080K, 100% used [0x00000000e0000000,0x00000000ee880000,0x00000000ee880000)
  from space 139776K, 20% used [0x00000000f6b00000,0x00000000f86887c0,0x00000000ff380000)
  to   space 133632K, 0% used [0x00000000ee880000,0x00000000ee880000,0x00000000f6b00000)
 ParOldGen       total 537088K, used 270851K [0x00000000a0000000, 0x00000000c0c80000, 0x00000000e0000000)
  object space 537088K, 50% used [0x00000000a0000000,0x00000000b0880ee8,0x00000000c0c80000)
 Metaspace       used 171553K, capacity 179832K, committed 179840K, reserved 1206272K
  class space    used 21229K, capacity 22911K, committed 22912K, reserved 1048576K
Event: 7916.331 GC heap after
Heap after GC invocations=86 (full 11):
 PSYoungGen      total 371712K, used 17872K [0x00000000e0000000, 0x00000000ff100000, 0x0000000100000000)
  eden space 238080K, 0% used [0x00000000e0000000,0x00000000e0000000,0x00000000ee880000)
  from space 133632K, 13% used [0x00000000ee880000,0x00000000ef9f43c0,0x00000000f6b00000)
  to   space 129024K, 0% used [0x00000000f7300000,0x00000000f7300000,0x00000000ff100000)
 ParOldGen       total 537088K, used 292580K [0x00000000a0000000, 0x00000000c0c80000, 0x00000000e0000000)
  object space 537088K, 54% used [0x00000000a0000000,0x00000000b1db90f8,0x00000000c0c80000)
 Metaspace       used 171553K, capacity 179832K, committed 179840K, reserved 1206272K
  class space    used 21229K, capacity 22911K, committed 22912K, reserved 1048576K
}
Event: 7917.712 GC heap before
{Heap before GC invocations=87 (full 11):
 PSYoungGen      total 371712K, used 255952K [0x00000000e0000000, 0x00000000ff100000, 0x0000000100000000)
  eden space 238080K, 100% used [0x00000000e0000000,0x00000000ee880000,0x00000000ee880000)
  from space 133632K, 13% used [0x00000000ee880000,0x00000000ef9f43c0,0x00000000f6b00000)
  to   space 129024K, 0% used [0x00000000f7300000,0x00000000f7300000,0x00000000ff100000)
 ParOldGen       total 537088K, used 292580K [0x00000000a0000000, 0x00000000c0c80000, 0x00000000e0000000)
  object space 537088K, 54% used [0x00000000a0000000,0x00000000b1db90f8,0x00000000c0c80000)
 Metaspace       used 172078K, capacity 180756K, committed 180992K, reserved 1208320K
  class space    used 21310K, capacity 23037K, committed 23040K, reserved 1048576K
Event: 7917.751 GC heap after
Heap after GC invocations=87 (full 11):
 PSYoungGen      total 385024K, used 23515K [0x00000000e0000000, 0x00000000ff080000, 0x0000000100000000)
  eden space 256512K, 0% used [0x00000000e0000000,0x00000000e0000000,0x00000000efa80000)
  from space 128512K, 18% used [0x00000000f7300000,0x00000000f89f6ff0,0x00000000ff080000)
  to   space 123392K, 0% used [0x00000000efa80000,0x00000000efa80000,0x00000000f7300000)
 ParOldGen       total 537088K, used 302449K [0x00000000a0000000, 0x00000000c0c80000, 0x00000000e0000000)
  object space 537088K, 56% used [0x00000000a0000000,0x00000000b275c510,0x00000000c0c80000)
 Metaspace       used 172078K, capacity 180756K, committed 180992K, reserved 1208320K
  class space    used 21310K, capacity 23037K, committed 23040K, reserved 1048576K
}
Event: 9469.282 GC heap before
{Heap before GC invocations=88 (full 11):
 PSYoungGen      total 385024K, used 280027K [0x00000000e0000000, 0x00000000ff080000, 0x0000000100000000)
  eden space 256512K, 100% used [0x00000000e0000000,0x00000000efa80000,0x00000000efa80000)
  from space 128512K, 18% used [0x00000000f7300000,0x00000000f89f6ff0,0x00000000ff080000)
  to   space 123392K, 0% used [0x00000000efa80000,0x00000000efa80000,0x00000000f7300000)
 ParOldGen       total 537088K, used 302449K [0x00000000a0000000, 0x00000000c0c80000, 0x00000000e0000000)
  object space 537088K, 56% used [0x00000000a0000000,0x00000000b275c510,0x00000000c0c80000)
 Metaspace       used 176678K, capacity 185756K, committed 185856K, reserved 1212416K
  class space    used 21696K, capacity 23481K, committed 23552K, reserved 1048576K
Event: 9469.332 GC heap after
Heap after GC invocations=88 (full 11):
 PSYoungGen      total 379904K, used 22075K [0x00000000e0000000, 0x00000000ff000000, 0x0000000100000000)
  eden space 256512K, 0% used [0x00000000e0000000,0x00000000e0000000,0x00000000efa80000)
  from space 123392K, 17% used [0x00000000efa80000,0x00000000f100ed00,0x00000000f7300000)
  to   space 117760K, 0% used [0x00000000f7d00000,0x00000000f7d00000,0x00000000ff000000)
 ParOldGen       total 537088K, used 307715K [0x00000000a0000000, 0x00000000c0c80000, 0x00000000e0000000)
  object space 537088K, 57% used [0x00000000a0000000,0x00000000b2c80c60,0x00000000c0c80000)
 Metaspace       used 176678K, capacity 185756K, committed 185856K, reserved 1212416K
  class space    used 21696K, capacity 23481K, committed 23552K, reserved 1048576K
}

