# JRE version: Java(TM) SE Runtime Environment (8.0_73-b02) (build 1.8.0_73-b02)
# Java VM: Java HotSpot(TM) 64-Bit Server VM (25.73-b02 mixed mode windows-amd64 compressed oops)
Heap:
 PSYoungGen      total 397824K, used 194695K [0x00000000e0000000, 0x00000000fff00000, 0x0000000100000000)
  eden space 271360K, 60% used [0x00000000e0000000,0x00000000ea018e58,0x00000000f0900000)
  from space 126464K, 24% used [0x00000000f0900000,0x00000000f2709158,0x00000000f8480000)
  to   space 121344K, 0% used [0x00000000f8880000,0x00000000f8880000,0x00000000fff00000)
 ParOldGen       total 522752K, used 280998K [0x00000000a0000000, 0x00000000bfe80000, 0x00000000e0000000)
  object space 522752K, 53% used [0x00000000a0000000,0x00000000b1269918,0x00000000bfe80000)
 Metaspace       used 114317K, capacity 120242K, committed 120320K, reserved 1155072K
  class space    used 14247K, capacity 15354K, committed 15360K, reserved 1048576K
GC Heap History (10 events):
Event: 117.119 GC heap before
{Heap before GC invocations=49 (full 6):
 PSYoungGen      total 451072K, used 73204K [0x00000000e0000000, 0x0000000100000000, 0x0000000100000000)
  eden space 377856K, 0% used [0x00000000e0000000,0x00000000e0000000,0x00000000f7100000)
  from space 73216K, 99% used [0x00000000f7100000,0x00000000fb87d108,0x00000000fb880000)
  to   space 73216K, 0% used [0x00000000fb880000,0x00000000fb880000,0x0000000100000000)
 ParOldGen       total 367616K, used 352928K [0x00000000a0000000, 0x00000000b6700000, 0x00000000e0000000)
  object space 367616K, 96% used [0x00000000a0000000,0x00000000b58a82f0,0x00000000b6700000)
 Metaspace       used 111831K, capacity 117014K, committed 117120K, reserved 1150976K
  class space    used 13899K, capacity 14968K, committed 14976K, reserved 1048576K
Event: 118.198 GC heap after
Heap after GC invocations=49 (full 6):
 PSYoungGen      total 451072K, used 0K [0x00000000e0000000, 0x0000000100000000, 0x0000000100000000)
  eden space 377856K, 0% used [0x00000000e0000000,0x00000000e0000000,0x00000000f7100000)
  from space 73216K, 0% used [0x00000000f7100000,0x00000000f7100000,0x00000000fb880000)
  to   space 73216K, 0% used [0x00000000fb880000,0x00000000fb880000,0x0000000100000000)
 ParOldGen       total 522752K, used 272771K [0x00000000a0000000, 0x00000000bfe80000, 0x00000000e0000000)
  object space 522752K, 52% used [0x00000000a0000000,0x00000000b0a60fa8,0x00000000bfe80000)
 Metaspace       used 111743K, capacity 116818K, committed 117120K, reserved 1150976K
  class space    used 13866K, capacity 14912K, committed 14976K, reserved 1048576K
}
Event: 121.010 GC heap before
{Heap before GC invocations=50 (full 6):
 PSYoungGen      total 451072K, used 377446K [0x00000000e0000000, 0x0000000100000000, 0x0000000100000000)
  eden space 377856K, 99% used [0x00000000e0000000,0x00000000f7099898,0x00000000f7100000)
  from space 73216K, 0% used [0x00000000f7100000,0x00000000f7100000,0x00000000fb880000)
  to   space 73216K, 0% used [0x00000000fb880000,0x00000000fb880000,0x0000000100000000)
 ParOldGen       total 522752K, used 272771K [0x00000000a0000000, 0x00000000bfe80000, 0x00000000e0000000)
  object space 522752K, 52% used [0x00000000a0000000,0x00000000b0a60fa8,0x00000000bfe80000)
 Metaspace       used 111896K, capacity 117064K, committed 117376K, reserved 1150976K
  class space    used 13875K, capacity 14919K, committed 14976K, reserved 1048576K
Event: 121.058 GC heap after
Heap after GC invocations=50 (full 6):
 PSYoungGen      total 354816K, used 51731K [0x00000000e0000000, 0x0000000100000000, 0x0000000100000000)
  eden space 281600K, 0% used [0x00000000e0000000,0x00000000e0000000,0x00000000f1300000)
  from space 73216K, 70% used [0x00000000fb880000,0x00000000feb04ef8,0x0000000100000000)
  to   space 121344K, 0% used [0x00000000f1300000,0x00000000f1300000,0x00000000f8980000)
 ParOldGen       total 522752K, used 272771K [0x00000000a0000000, 0x00000000bfe80000, 0x00000000e0000000)
  object space 522752K, 52% used [0x00000000a0000000,0x00000000b0a60fa8,0x00000000bfe80000)
 Metaspace       used 111896K, capacity 117064K, committed 117376K, reserved 1150976K
  class space    used 13875K, capacity 14919K, committed 14976K, reserved 1048576K
}
Event: 140.513 GC heap before
{Heap before GC invocations=51 (full 6):
 PSYoungGen      total 354816K, used 333300K [0x00000000e0000000, 0x0000000100000000, 0x0000000100000000)
  eden space 281600K, 99% used [0x00000000e0000000,0x00000000f12f8468,0x00000000f1300000)
  from space 73216K, 70% used [0x00000000fb880000,0x00000000feb04ef8,0x0000000100000000)
  to   space 121344K, 0% used [0x00000000f1300000,0x00000000f1300000,0x00000000f8980000)
 ParOldGen       total 522752K, used 280963K [0x00000000a0000000, 0x00000000bfe80000, 0x00000000e0000000)
  object space 522752K, 53% used [0x00000000a0000000,0x00000000b1260fb8,0x00000000bfe80000)
 Metaspace       used 112651K, capacity 117920K, committed 118016K, reserved 1153024K
  class space    used 13992K, capacity 15033K, committed 15104K, reserved 1048576K
Event: 140.541 GC heap after
Heap after GC invocations=51 (full 6):
 PSYoungGen      total 402944K, used 24111K [0x00000000e0000000, 0x0000000100000000, 0x0000000100000000)
  eden space 281600K, 0% used [0x00000000e0000000,0x00000000e0000000,0x00000000f1300000)
  from space 121344K, 19% used [0x00000000f1300000,0x00000000f2a8bd50,0x00000000f8980000)
  to   space 117248K, 0% used [0x00000000f8d80000,0x00000000f8d80000,0x0000000100000000)
 ParOldGen       total 522752K, used 280971K [0x00000000a0000000, 0x00000000bfe80000, 0x00000000e0000000)
  object space 522752K, 53% used [0x00000000a0000000,0x00000000b1262fb8,0x00000000bfe80000)
 Metaspace       used 112651K, capacity 117920K, committed 118016K, reserved 1153024K
  class space    used 13992K, capacity 15033K, committed 15104K, reserved 1048576K
}
Event: 141.590 GC heap before
{Heap before GC invocations=52 (full 6):
 PSYoungGen      total 402944K, used 305711K [0x00000000e0000000, 0x0000000100000000, 0x0000000100000000)
  eden space 281600K, 100% used [0x00000000e0000000,0x00000000f1300000,0x00000000f1300000)
  from space 121344K, 19% used [0x00000000f1300000,0x00000000f2a8bd50,0x00000000f8980000)
  to   space 117248K, 0% used [0x00000000f8d80000,0x00000000f8d80000,0x0000000100000000)
 ParOldGen       total 522752K, used 280982K [0x00000000a0000000, 0x00000000bfe80000, 0x00000000e0000000)
  object space 522752K, 53% used [0x00000000a0000000,0x00000000b1265918,0x00000000bfe80000)
 Metaspace       used 112757K, capacity 118066K, committed 118272K, reserved 1153024K
  class space    used 14008K, capacity 15046K, committed 15104K, reserved 1048576K
Event: 141.623 GC heap after
Heap after GC invocations=52 (full 6):
 PSYoungGen      total 388608K, used 88122K [0x00000000e0000000, 0x0000000100000000, 0x0000000100000000)
  eden space 271360K, 0% used [0x00000000e0000000,0x00000000e0000000,0x00000000f0900000)
  from space 117248K, 75% used [0x00000000f8d80000,0x00000000fe38eae0,0x0000000100000000)
  to   space 126464K, 0% used [0x00000000f0900000,0x00000000f0900000,0x00000000f8480000)
 ParOldGen       total 522752K, used 280990K [0x00000000a0000000, 0x00000000bfe80000, 0x00000000e0000000)
  object space 522752K, 53% used [0x00000000a0000000,0x00000000b1267918,0x00000000bfe80000)
 Metaspace       used 112757K, capacity 118066K, committed 118272K, reserved 1153024K
  class space    used 14008K, capacity 15046K, committed 15104K, reserved 1048576K
}
Event: 184.097 GC heap before
{Heap before GC invocations=53 (full 6):
 PSYoungGen      total 388608K, used 359482K [0x00000000e0000000, 0x0000000100000000, 0x0000000100000000)
  eden space 271360K, 100% used [0x00000000e0000000,0x00000000f0900000,0x00000000f0900000)
  from space 117248K, 75% used [0x00000000f8d80000,0x00000000fe38eae0,0x0000000100000000)
  to   space 126464K, 0% used [0x00000000f0900000,0x00000000f0900000,0x00000000f8480000)
 ParOldGen       total 522752K, used 280990K [0x00000000a0000000, 0x00000000bfe80000, 0x00000000e0000000)
  object space 522752K, 53% used [0x00000000a0000000,0x00000000b1267918,0x00000000bfe80000)
 Metaspace       used 114174K, capacity 119894K, committed 120064K, reserved 1155072K
  class space    used 14227K, capacity 15318K, committed 15360K, reserved 1048576K
Event: 184.142 GC heap after
Heap after GC invocations=53 (full 6):
 PSYoungGen      total 397824K, used 30756K [0x00000000e0000000, 0x00000000fff00000, 0x0000000100000000)
  eden space 271360K, 0% used [0x00000000e0000000,0x00000000e0000000,0x00000000f0900000)
  from space 126464K, 24% used [0x00000000f0900000,0x00000000f2709158,0x00000000f8480000)
  to   space 121344K, 0% used [0x00000000f8880000,0x00000000f8880000,0x00000000fff00000)
 ParOldGen       total 522752K, used 280998K [0x00000000a0000000, 0x00000000bfe80000, 0x00000000e0000000)
  object space 522752K, 53% used [0x00000000a0000000,0x00000000b1269918,0x00000000bfe80000)
 Metaspace       used 114174K, capacity 119894K, committed 120064K, reserved 1155072K
  class space    used 14227K, capacity 15318K, committed 15360K, reserved 1048576K
}

