# JRE version: Java(TM) SE Runtime Environment (8.0_73-b02) (build 1.8.0_73-b02)
# Java VM: Java HotSpot(TM) 64-Bit Server VM (25.73-b02 mixed mode windows-amd64 compressed oops)
Heap:
 PSYoungGen      total 349696K, used 123402K [0x00000000e0000000, 0x0000000100000000, 0x0000000100000000)
  eden space 175104K, 70% used [0x00000000e0000000,0x00000000e77eaa90,0x00000000eab00000)
  from space 174592K, 0% used [0x00000000eab00000,0x00000000eab98010,0x00000000f5580000)
  to   space 174592K, 0% used [0x00000000f5580000,0x00000000f5580000,0x0000000100000000)
 ParOldGen       total 293376K, used 105384K [0x00000000a0000000, 0x00000000b1e80000, 0x00000000e0000000)
  object space 293376K, 35% used [0x00000000a0000000,0x00000000a66ea2f8,0x00000000b1e80000)
 Metaspace       used 108171K, capacity 114172K, committed 116992K, reserved 1150976K
  class space    used 13553K, capacity 14646K, committed 15104K, reserved 1048576K
GC Heap History (10 events):
Event: 4526.971 GC heap before
{Heap before GC invocations=37 (full 4):
 PSYoungGen      total 377344K, used 377335K [0x00000000e0000000, 0x0000000100000000, 0x0000000100000000)
  eden space 267264K, 100% used [0x00000000e0000000,0x00000000f0500000,0x00000000f0500000)
  from space 110080K, 99% used [0x00000000f8c00000,0x00000000ff77ddf0,0x00000000ff780000)
  to   space 128512K, 0% used [0x00000000f0500000,0x00000000f0500000,0x00000000f8280000)
 ParOldGen       total 293376K, used 136584K [0x00000000a0000000, 0x00000000b1e80000, 0x00000000e0000000)
  object space 293376K, 46% used [0x00000000a0000000,0x00000000a85620d0,0x00000000b1e80000)
 Metaspace       used 110046K, capacity 116792K, committed 116992K, reserved 1150976K
  class space    used 13869K, capacity 15097K, committed 15104K, reserved 1048576K
Event: 4527.129 GC heap after
Heap after GC invocations=37 (full 4):
 PSYoungGen      total 395776K, used 128509K [0x00000000e0000000, 0x0000000100000000, 0x0000000100000000)
  eden space 267264K, 0% used [0x00000000e0000000,0x00000000e0000000,0x00000000f0500000)
  from space 128512K, 99% used [0x00000000f0500000,0x00000000f827f5e8,0x00000000f8280000)
  to   space 128512K, 0% used [0x00000000f8280000,0x00000000f8280000,0x0000000100000000)
 ParOldGen       total 293376K, used 197395K [0x00000000a0000000, 0x00000000b1e80000, 0x00000000e0000000)
  object space 293376K, 67% used [0x00000000a0000000,0x00000000ac0c4c70,0x00000000b1e80000)
 Metaspace       used 110046K, capacity 116792K, committed 116992K, reserved 1150976K
  class space    used 13869K, capacity 15097K, committed 15104K, reserved 1048576K
}
Event: 4529.351 GC heap before
{Heap before GC invocations=38 (full 4):
 PSYoungGen      total 395776K, used 395773K [0x00000000e0000000, 0x0000000100000000, 0x0000000100000000)
  eden space 267264K, 100% used [0x00000000e0000000,0x00000000f0500000,0x00000000f0500000)
  from space 128512K, 99% used [0x00000000f0500000,0x00000000f827f5e8,0x00000000f8280000)
  to   space 128512K, 0% used [0x00000000f8280000,0x00000000f8280000,0x0000000100000000)
 ParOldGen       total 293376K, used 197395K [0x00000000a0000000, 0x00000000b1e80000, 0x00000000e0000000)
  object space 293376K, 67% used [0x00000000a0000000,0x00000000ac0c4c70,0x00000000b1e80000)
 Metaspace       used 110262K, capacity 116984K, committed 116992K, reserved 1150976K
  class space    used 13876K, capacity 15097K, committed 15104K, reserved 1048576K
Event: 4529.518 GC heap after
Heap after GC invocations=38 (full 4):
 PSYoungGen      total 303616K, used 128510K [0x00000000e0000000, 0x0000000100000000, 0x0000000100000000)
  eden space 175104K, 0% used [0x00000000e0000000,0x00000000e0000000,0x00000000eab00000)
  from space 128512K, 99% used [0x00000000f8280000,0x00000000fffff9d8,0x0000000100000000)
  to   space 174592K, 0% used [0x00000000eab00000,0x00000000eab00000,0x00000000f5580000)
 ParOldGen       total 293376K, used 249156K [0x00000000a0000000, 0x00000000b1e80000, 0x00000000e0000000)
  object space 293376K, 84% used [0x00000000a0000000,0x00000000af351260,0x00000000b1e80000)
 Metaspace       used 110262K, capacity 116984K, committed 116992K, reserved 1150976K
  class space    used 13876K, capacity 15097K, committed 15104K, reserved 1048576K
}
Event: 4529.518 GC heap before
{Heap before GC invocations=39 (full 5):
 PSYoungGen      total 303616K, used 128510K [0x00000000e0000000, 0x0000000100000000, 0x0000000100000000)
  eden space 175104K, 0% used [0x00000000e0000000,0x00000000e0000000,0x00000000eab00000)
  from space 128512K, 99% used [0x00000000f8280000,0x00000000fffff9d8,0x0000000100000000)
  to   space 174592K, 0% used [0x00000000eab00000,0x00000000eab00000,0x00000000f5580000)
 ParOldGen       total 293376K, used 249156K [0x00000000a0000000, 0x00000000b1e80000, 0x00000000e0000000)
  object space 293376K, 84% used [0x00000000a0000000,0x00000000af351260,0x00000000b1e80000)
 Metaspace       used 110262K, capacity 116984K, committed 116992K, reserved 1150976K
  class space    used 13876K, capacity 15097K, committed 15104K, reserved 1048576K
Event: 4530.898 GC heap after
Heap after GC invocations=39 (full 5):
 PSYoungGen      total 303616K, used 0K [0x00000000e0000000, 0x0000000100000000, 0x0000000100000000)
  eden space 175104K, 0% used [0x00000000e0000000,0x00000000e0000000,0x00000000eab00000)
  from space 128512K, 0% used [0x00000000f8280000,0x00000000f8280000,0x0000000100000000)
  to   space 174592K, 0% used [0x00000000eab00000,0x00000000eab00000,0x00000000f5580000)
 ParOldGen       total 293376K, used 281802K [0x00000000a0000000, 0x00000000b1e80000, 0x00000000e0000000)
  object space 293376K, 96% used [0x00000000a0000000,0x00000000b1332ab8,0x00000000b1e80000)
 Metaspace       used 108864K, capacity 114860K, committed 116992K, reserved 1150976K
  class space    used 13638K, capacity 14750K, committed 15104K, reserved 1048576K
}
Event: 4532.317 GC heap before
{Heap before GC invocations=40 (full 6):
 PSYoungGen      total 303616K, used 175104K [0x00000000e0000000, 0x0000000100000000, 0x0000000100000000)
  eden space 175104K, 100% used [0x00000000e0000000,0x00000000eab00000,0x00000000eab00000)
  from space 128512K, 0% used [0x00000000f8280000,0x00000000f8280000,0x0000000100000000)
  to   space 174592K, 0% used [0x00000000eab00000,0x00000000eab00000,0x00000000f5580000)
 ParOldGen       total 293376K, used 281802K [0x00000000a0000000, 0x00000000b1e80000, 0x00000000e0000000)
  object space 293376K, 96% used [0x00000000a0000000,0x00000000b1332ab8,0x00000000b1e80000)
 Metaspace       used 108891K, capacity 114924K, committed 116992K, reserved 1150976K
  class space    used 13638K, capacity 14750K, committed 15104K, reserved 1048576K
Event: 4532.601 GC heap after
Heap after GC invocations=40 (full 6):
 PSYoungGen      total 303616K, used 0K [0x00000000e0000000, 0x0000000100000000, 0x0000000100000000)
  eden space 175104K, 0% used [0x00000000e0000000,0x00000000e0000000,0x00000000eab00000)
  from space 128512K, 0% used [0x00000000f8280000,0x00000000f8280000,0x0000000100000000)
  to   space 174592K, 0% used [0x00000000eab00000,0x00000000eab00000,0x00000000f5580000)
 ParOldGen       total 293376K, used 105384K [0x00000000a0000000, 0x00000000b1e80000, 0x00000000e0000000)
  object space 293376K, 35% used [0x00000000a0000000,0x00000000a66ea2f8,0x00000000b1e80000)
 Metaspace       used 108168K, capacity 114172K, committed 116992K, reserved 1150976K
  class space    used 13552K, capacity 14646K, committed 15104K, reserved 1048576K
}
Event: 4532.963 GC heap before
{Heap before GC invocations=41 (full 6):
 PSYoungGen      total 303616K, used 175104K [0x00000000e0000000, 0x0000000100000000, 0x0000000100000000)
  eden space 175104K, 100% used [0x00000000e0000000,0x00000000eab00000,0x00000000eab00000)
  from space 128512K, 0% used [0x00000000f8280000,0x00000000f8280000,0x0000000100000000)
  to   space 174592K, 0% used [0x00000000eab00000,0x00000000eab00000,0x00000000f5580000)
 ParOldGen       total 293376K, used 105384K [0x00000000a0000000, 0x00000000b1e80000, 0x00000000e0000000)
  object space 293376K, 35% used [0x00000000a0000000,0x00000000a66ea2f8,0x00000000b1e80000)
 Metaspace       used 108168K, capacity 114172K, committed 116992K, reserved 1150976K
  class space    used 13552K, capacity 14646K, committed 15104K, reserved 1048576K
Event: 4532.968 GC heap after
Heap after GC invocations=41 (full 6):
 PSYoungGen      total 349696K, used 608K [0x00000000e0000000, 0x0000000100000000, 0x0000000100000000)
  eden space 175104K, 0% used [0x00000000e0000000,0x00000000e0000000,0x00000000eab00000)
  from space 174592K, 0% used [0x00000000eab00000,0x00000000eab98010,0x00000000f5580000)
  to   space 174592K, 0% used [0x00000000f5580000,0x00000000f5580000,0x0000000100000000)
 ParOldGen       total 293376K, used 105384K [0x00000000a0000000, 0x00000000b1e80000, 0x00000000e0000000)
  object space 293376K, 35% used [0x00000000a0000000,0x00000000a66ea2f8,0x00000000b1e80000)
 Metaspace       used 108168K, capacity 114172K, committed 116992K, reserved 1150976K
  class space    used 13552K, capacity 14646K, committed 15104K, reserved 1048576K
}

