# JRE version: Java(TM) SE Runtime Environment (8.0_73-b02) (build 1.8.0_73-b02)
# Java VM: Java HotSpot(TM) 64-Bit Server VM (25.73-b02 mixed mode windows-amd64 compressed oops)
Heap:
 PSYoungGen      total 460800K, used 229485K [0x00000000e0000000, 0x0000000100000000, 0x0000000100000000)
  eden space 398336K, 49% used [0x00000000e0000000,0x00000000ebfa5e28,0x00000000f8500000)
  from space 62464K, 53% used [0x00000000fc300000,0x00000000fe3757b0,0x0000000100000000)
  to   space 62976K, 0% used [0x00000000f8500000,0x00000000f8500000,0x00000000fc280000)
 ParOldGen       total 406528K, used 297783K [0x00000000a0000000, 0x00000000b8d00000, 0x00000000e0000000)
  object space 406528K, 73% used [0x00000000a0000000,0x00000000b22cdee8,0x00000000b8d00000)
 Metaspace       used 172253K, capacity 181922K, committed 198016K, reserved 1222656K
  class space    used 20701K, capacity 22339K, committed 25216K, reserved 1048576K
GC Heap History (10 events):
Event: 7681.211 GC heap before
{Heap before GC invocations=149 (full 13):
 PSYoungGen      total 393728K, used 393528K [0x00000000e0000000, 0x00000000ffe80000, 0x0000000100000000)
  eden space 391168K, 100% used [0x00000000e0000000,0x00000000f7e00000,0x00000000f7e00000)
  from space 2560K, 92% used [0x00000000f7e00000,0x00000000f804e240,0x00000000f8080000)
  to   space 65536K, 0% used [0x00000000fbe80000,0x00000000fbe80000,0x00000000ffe80000)
 ParOldGen       total 406528K, used 225506K [0x00000000a0000000, 0x00000000b8d00000, 0x00000000e0000000)
  object space 406528K, 55% used [0x00000000a0000000,0x00000000adc38838,0x00000000b8d00000)
 Metaspace       used 171433K, capacity 181042K, committed 198016K, reserved 1222656K
  class space    used 20615K, capacity 22235K, committed 25216K, reserved 1048576K
Event: 7681.224 GC heap after
Heap after GC invocations=149 (full 13):
 PSYoungGen      total 461312K, used 21326K [0x00000000e0000000, 0x0000000100000000, 0x0000000100000000)
  eden space 395776K, 0% used [0x00000000e0000000,0x00000000e0000000,0x00000000f8280000)
  from space 65536K, 32% used [0x00000000fbe80000,0x00000000fd353918,0x00000000ffe80000)
  to   space 61440K, 0% used [0x00000000f8280000,0x00000000f8280000,0x00000000fbe80000)
 ParOldGen       total 406528K, used 226658K [0x00000000a0000000, 0x00000000b8d00000, 0x00000000e0000000)
  object space 406528K, 55% used [0x00000000a0000000,0x00000000add58be8,0x00000000b8d00000)
 Metaspace       used 171433K, capacity 181042K, committed 198016K, reserved 1222656K
  class space    used 20615K, capacity 22235K, committed 25216K, reserved 1048576K
}
Event: 7684.454 GC heap before
{Heap before GC invocations=150 (full 13):
 PSYoungGen      total 461312K, used 417102K [0x00000000e0000000, 0x0000000100000000, 0x0000000100000000)
  eden space 395776K, 100% used [0x00000000e0000000,0x00000000f8280000,0x00000000f8280000)
  from space 65536K, 32% used [0x00000000fbe80000,0x00000000fd353918,0x00000000ffe80000)
  to   space 61440K, 0% used [0x00000000f8280000,0x00000000f8280000,0x00000000fbe80000)
 ParOldGen       total 406528K, used 226658K [0x00000000a0000000, 0x00000000b8d00000, 0x00000000e0000000)
  object space 406528K, 55% used [0x00000000a0000000,0x00000000add58be8,0x00000000b8d00000)
 Metaspace       used 171447K, capacity 181042K, committed 198016K, reserved 1222656K
  class space    used 20615K, capacity 22235K, committed 25216K, reserved 1048576K
Event: 7684.482 GC heap after
Heap after GC invocations=150 (full 13):
 PSYoungGen      total 422400K, used 26165K [0x00000000e0000000, 0x00000000ff800000, 0x0000000100000000)
  eden space 395776K, 0% used [0x00000000e0000000,0x00000000e0000000,0x00000000f8280000)
  from space 26624K, 98% used [0x00000000f8280000,0x00000000f9c0d408,0x00000000f9c80000)
  to   space 59392K, 0% used [0x00000000fbe00000,0x00000000fbe00000,0x00000000ff800000)
 ParOldGen       total 406528K, used 246256K [0x00000000a0000000, 0x00000000b8d00000, 0x00000000e0000000)
  object space 406528K, 60% used [0x00000000a0000000,0x00000000af07c2b0,0x00000000b8d00000)
 Metaspace       used 171447K, capacity 181042K, committed 198016K, reserved 1222656K
  class space    used 20615K, capacity 22235K, committed 25216K, reserved 1048576K
}
Event: 9272.687 GC heap before
{Heap before GC invocations=151 (full 13):
 PSYoungGen      total 422400K, used 421941K [0x00000000e0000000, 0x00000000ff800000, 0x0000000100000000)
  eden space 395776K, 100% used [0x00000000e0000000,0x00000000f8280000,0x00000000f8280000)
  from space 26624K, 98% used [0x00000000f8280000,0x00000000f9c0d408,0x00000000f9c80000)
  to   space 59392K, 0% used [0x00000000fbe00000,0x00000000fbe00000,0x00000000ff800000)
 ParOldGen       total 406528K, used 246256K [0x00000000a0000000, 0x00000000b8d00000, 0x00000000e0000000)
  object space 406528K, 60% used [0x00000000a0000000,0x00000000af07c2b0,0x00000000b8d00000)
 Metaspace       used 172193K, capacity 181858K, committed 198016K, reserved 1222656K
  class space    used 20691K, capacity 22339K, committed 25216K, reserved 1048576K
Event: 9272.738 GC heap after
Heap after GC invocations=151 (full 13):
 PSYoungGen      total 453632K, used 41559K [0x00000000e0000000, 0x0000000100000000, 0x0000000100000000)
  eden space 394240K, 0% used [0x00000000e0000000,0x00000000e0000000,0x00000000f8100000)
  from space 59392K, 69% used [0x00000000fbe00000,0x00000000fe695de0,0x00000000ff800000)
  to   space 62464K, 0% used [0x00000000f8100000,0x00000000f8100000,0x00000000fbe00000)
 ParOldGen       total 406528K, used 267412K [0x00000000a0000000, 0x00000000b8d00000, 0x00000000e0000000)
  object space 406528K, 65% used [0x00000000a0000000,0x00000000b0525260,0x00000000b8d00000)
 Metaspace       used 172193K, capacity 181858K, committed 198016K, reserved 1222656K
  class space    used 20691K, capacity 22339K, committed 25216K, reserved 1048576K
}
Event: 9273.657 GC heap before
{Heap before GC invocations=152 (full 13):
 PSYoungGen      total 453632K, used 435799K [0x00000000e0000000, 0x0000000100000000, 0x0000000100000000)
  eden space 394240K, 100% used [0x00000000e0000000,0x00000000f8100000,0x00000000f8100000)
  from space 59392K, 69% used [0x00000000fbe00000,0x00000000fe695de0,0x00000000ff800000)
  to   space 62464K, 0% used [0x00000000f8100000,0x00000000f8100000,0x00000000fbe00000)
 ParOldGen       total 406528K, used 267412K [0x00000000a0000000, 0x00000000b8d00000, 0x00000000e0000000)
  object space 406528K, 65% used [0x00000000a0000000,0x00000000b0525260,0x00000000b8d00000)
 Metaspace       used 172239K, capacity 181858K, committed 198016K, reserved 1222656K
  class space    used 20701K, capacity 22339K, committed 25216K, reserved 1048576K
Event: 9273.679 GC heap after
Heap after GC invocations=152 (full 13):
 PSYoungGen      total 456704K, used 1597K [0x00000000e0000000, 0x0000000100000000, 0x0000000100000000)
  eden space 394240K, 0% used [0x00000000e0000000,0x00000000e0000000,0x00000000f8100000)
  from space 62464K, 2% used [0x00000000f8100000,0x00000000f828f700,0x00000000fbe00000)
  to   space 62464K, 0% used [0x00000000fc300000,0x00000000fc300000,0x0000000100000000)
 ParOldGen       total 406528K, used 296871K [0x00000000a0000000, 0x00000000b8d00000, 0x00000000e0000000)
  object space 406528K, 73% used [0x00000000a0000000,0x00000000b21e9ea0,0x00000000b8d00000)
 Metaspace       used 172239K, capacity 181858K, committed 198016K, reserved 1222656K
  class space    used 20701K, capacity 22339K, committed 25216K, reserved 1048576K
}
Event: 9274.478 GC heap before
{Heap before GC invocations=153 (full 13):
 PSYoungGen      total 456704K, used 395837K [0x00000000e0000000, 0x0000000100000000, 0x0000000100000000)
  eden space 394240K, 100% used [0x00000000e0000000,0x00000000f8100000,0x00000000f8100000)
  from space 62464K, 2% used [0x00000000f8100000,0x00000000f828f700,0x00000000fbe00000)
  to   space 62464K, 0% used [0x00000000fc300000,0x00000000fc300000,0x0000000100000000)
 ParOldGen       total 406528K, used 296871K [0x00000000a0000000, 0x00000000b8d00000, 0x00000000e0000000)
  object space 406528K, 73% used [0x00000000a0000000,0x00000000b21e9ea0,0x00000000b8d00000)
 Metaspace       used 172240K, capacity 181858K, committed 198016K, reserved 1222656K
  class space    used 20701K, capacity 22339K, committed 25216K, reserved 1048576K
Event: 9274.501 GC heap after
Heap after GC invocations=153 (full 13):
 PSYoungGen      total 460800K, used 33237K [0x00000000e0000000, 0x0000000100000000, 0x0000000100000000)
  eden space 398336K, 0% used [0x00000000e0000000,0x00000000e0000000,0x00000000f8500000)
  from space 62464K, 53% used [0x00000000fc300000,0x00000000fe3757b0,0x0000000100000000)
  to   space 62976K, 0% used [0x00000000f8500000,0x00000000f8500000,0x00000000fc280000)
 ParOldGen       total 406528K, used 297783K [0x00000000a0000000, 0x00000000b8d00000, 0x00000000e0000000)
  object space 406528K, 73% used [0x00000000a0000000,0x00000000b22cdee8,0x00000000b8d00000)
 Metaspace       used 172240K, capacity 181858K, committed 198016K, reserved 1222656K
  class space    used 20701K, capacity 22339K, committed 25216K, reserved 1048576K
}

