# JRE version: Java(TM) SE Runtime Environment (8.0_73-b02) (build 1.8.0_73-b02)
# Java VM: Java HotSpot(TM) 64-Bit Server VM (25.73-b02 mixed mode windows-amd64 compressed oops)
Heap:
 PSYoungGen      total 406528K, used 114713K [0x00000000e0000000, 0x00000000ff380000, 0x0000000100000000)
  eden space 301568K, 34% used [0x00000000e0000000,0x00000000e65c0238,0x00000000f2680000)
  from space 104960K, 10% used [0x00000000f2680000,0x00000000f30c63a8,0x00000000f8d00000)
  to   space 99840K, 0% used [0x00000000f9200000,0x00000000f9200000,0x00000000ff380000)
 ParOldGen       total 589312K, used 415035K [0x00000000a0000000, 0x00000000c3f80000, 0x00000000e0000000)
  object space 589312K, 70% used [0x00000000a0000000,0x00000000b954ef60,0x00000000c3f80000)
 Metaspace       used 167448K, capacity 177840K, committed 179200K, reserved 1206272K
  class space    used 20900K, capacity 22683K, committed 23040K, reserved 1048576K
GC Heap History (10 events):
Event: 1609.554 GC heap before
{Heap before GC invocations=79 (full 10):
 PSYoungGen      total 379904K, used 310364K [0x00000000e0000000, 0x00000000ff280000, 0x0000000100000000)
  eden space 265728K, 100% used [0x00000000e0000000,0x00000000f0380000,0x00000000f0380000)
  from space 114176K, 39% used [0x00000000f8300000,0x00000000fae971e8,0x00000000ff280000)
  to   space 122368K, 0% used [0x00000000f0380000,0x00000000f0380000,0x00000000f7b00000)
 ParOldGen       total 589312K, used 343458K [0x00000000a0000000, 0x00000000c3f80000, 0x00000000e0000000)
  object space 589312K, 58% used [0x00000000a0000000,0x00000000b4f68960,0x00000000c3f80000)
 Metaspace       used 167310K, capacity 177712K, committed 179200K, reserved 1206272K
  class space    used 20890K, capacity 22683K, committed 23040K, reserved 1048576K
Event: 1609.603 GC heap after
Heap after GC invocations=79 (full 10):
 PSYoungGen      total 388096K, used 18010K [0x00000000e0000000, 0x00000000ffd00000, 0x0000000100000000)
  eden space 265728K, 0% used [0x00000000e0000000,0x00000000e0000000,0x00000000f0380000)
  from space 122368K, 14% used [0x00000000f0380000,0x00000000f1516930,0x00000000f7b00000)
  to   space 116736K, 0% used [0x00000000f8b00000,0x00000000f8b00000,0x00000000ffd00000)
 ParOldGen       total 589312K, used 384835K [0x00000000a0000000, 0x00000000c3f80000, 0x00000000e0000000)
  object space 589312K, 65% used [0x00000000a0000000,0x00000000b77d0ca0,0x00000000c3f80000)
 Metaspace       used 167310K, capacity 177712K, committed 179200K, reserved 1206272K
  class space    used 20890K, capacity 22683K, committed 23040K, reserved 1048576K
}
Event: 1610.366 GC heap before
{Heap before GC invocations=80 (full 10):
 PSYoungGen      total 388096K, used 283738K [0x00000000e0000000, 0x00000000ffd00000, 0x0000000100000000)
  eden space 265728K, 100% used [0x00000000e0000000,0x00000000f0380000,0x00000000f0380000)
  from space 122368K, 14% used [0x00000000f0380000,0x00000000f1516930,0x00000000f7b00000)
  to   space 116736K, 0% used [0x00000000f8b00000,0x00000000f8b00000,0x00000000ffd00000)
 ParOldGen       total 589312K, used 384835K [0x00000000a0000000, 0x00000000c3f80000, 0x00000000e0000000)
  object space 589312K, 65% used [0x00000000a0000000,0x00000000b77d0ca0,0x00000000c3f80000)
 Metaspace       used 167340K, capacity 177712K, committed 179200K, reserved 1206272K
  class space    used 20890K, capacity 22683K, committed 23040K, reserved 1048576K
Event: 1610.401 GC heap after
Heap after GC invocations=80 (full 10):
 PSYoungGen      total 393216K, used 4420K [0x00000000e0000000, 0x00000000ff480000, 0x0000000100000000)
  eden space 285184K, 0% used [0x00000000e0000000,0x00000000e0000000,0x00000000f1680000)
  from space 108032K, 4% used [0x00000000f8b00000,0x00000000f8f51260,0x00000000ff480000)
  to   space 113664K, 0% used [0x00000000f1680000,0x00000000f1680000,0x00000000f8580000)
 ParOldGen       total 589312K, used 398463K [0x00000000a0000000, 0x00000000c3f80000, 0x00000000e0000000)
  object space 589312K, 67% used [0x00000000a0000000,0x00000000b851fe78,0x00000000c3f80000)
 Metaspace       used 167340K, capacity 177712K, committed 179200K, reserved 1206272K
  class space    used 20890K, capacity 22683K, committed 23040K, reserved 1048576K
}
Event: 1611.026 GC heap before
{Heap before GC invocations=81 (full 10):
 PSYoungGen      total 393216K, used 289604K [0x00000000e0000000, 0x00000000ff480000, 0x0000000100000000)
  eden space 285184K, 100% used [0x00000000e0000000,0x00000000f1680000,0x00000000f1680000)
  from space 108032K, 4% used [0x00000000f8b00000,0x00000000f8f51260,0x00000000ff480000)
  to   space 113664K, 0% used [0x00000000f1680000,0x00000000f1680000,0x00000000f8580000)
 ParOldGen       total 589312K, used 398463K [0x00000000a0000000, 0x00000000c3f80000, 0x00000000e0000000)
  object space 589312K, 67% used [0x00000000a0000000,0x00000000b851fe78,0x00000000c3f80000)
 Metaspace       used 167350K, capacity 177776K, committed 179200K, reserved 1206272K
  class space    used 20890K, capacity 22683K, committed 23040K, reserved 1048576K
Event: 1611.046 GC heap after
Heap after GC invocations=81 (full 10):
 PSYoungGen      total 398848K, used 10244K [0x00000000e0000000, 0x00000000ffc80000, 0x0000000100000000)
  eden space 285184K, 0% used [0x00000000e0000000,0x00000000e0000000,0x00000000f1680000)
  from space 113664K, 9% used [0x00000000f1680000,0x00000000f2081178,0x00000000f8580000)
  to   space 109056K, 0% used [0x00000000f9200000,0x00000000f9200000,0x00000000ffc80000)
 ParOldGen       total 589312K, used 401541K [0x00000000a0000000, 0x00000000c3f80000, 0x00000000e0000000)
  object space 589312K, 68% used [0x00000000a0000000,0x00000000b8821738,0x00000000c3f80000)
 Metaspace       used 167350K, capacity 177776K, committed 179200K, reserved 1206272K
  class space    used 20890K, capacity 22683K, committed 23040K, reserved 1048576K
}
Event: 1611.571 GC heap before
{Heap before GC invocations=82 (full 10):
 PSYoungGen      total 398848K, used 295428K [0x00000000e0000000, 0x00000000ffc80000, 0x0000000100000000)
  eden space 285184K, 100% used [0x00000000e0000000,0x00000000f1680000,0x00000000f1680000)
  from space 113664K, 9% used [0x00000000f1680000,0x00000000f2081178,0x00000000f8580000)
  to   space 109056K, 0% used [0x00000000f9200000,0x00000000f9200000,0x00000000ffc80000)
 ParOldGen       total 589312K, used 401541K [0x00000000a0000000, 0x00000000c3f80000, 0x00000000e0000000)
  object space 589312K, 68% used [0x00000000a0000000,0x00000000b8821738,0x00000000c3f80000)
 Metaspace       used 167353K, capacity 177776K, committed 179200K, reserved 1206272K
  class space    used 20890K, capacity 22683K, committed 23040K, reserved 1048576K
Event: 1611.613 GC heap after
Heap after GC invocations=82 (full 10):
 PSYoungGen      total 401408K, used 5696K [0x00000000e0000000, 0x00000000ff380000, 0x0000000100000000)
  eden space 301568K, 0% used [0x00000000e0000000,0x00000000e0000000,0x00000000f2680000)
  from space 99840K, 5% used [0x00000000f9200000,0x00000000f97900d0,0x00000000ff380000)
  to   space 104960K, 0% used [0x00000000f2680000,0x00000000f2680000,0x00000000f8d00000)
 ParOldGen       total 589312K, used 411027K [0x00000000a0000000, 0x00000000c3f80000, 0x00000000e0000000)
  object space 589312K, 69% used [0x00000000a0000000,0x00000000b9164f00,0x00000000c3f80000)
 Metaspace       used 167353K, capacity 177776K, committed 179200K, reserved 1206272K
  class space    used 20890K, capacity 22683K, committed 23040K, reserved 1048576K
}
Event: 1612.122 GC heap before
{Heap before GC invocations=83 (full 10):
 PSYoungGen      total 401408K, used 307264K [0x00000000e0000000, 0x00000000ff380000, 0x0000000100000000)
  eden space 301568K, 100% used [0x00000000e0000000,0x00000000f2680000,0x00000000f2680000)
  from space 99840K, 5% used [0x00000000f9200000,0x00000000f97900d0,0x00000000ff380000)
  to   space 104960K, 0% used [0x00000000f2680000,0x00000000f2680000,0x00000000f8d00000)
 ParOldGen       total 589312K, used 411027K [0x00000000a0000000, 0x00000000c3f80000, 0x00000000e0000000)
  object space 589312K, 69% used [0x00000000a0000000,0x00000000b9164f00,0x00000000c3f80000)
 Metaspace       used 167357K, capacity 177776K, committed 179200K, reserved 1206272K
  class space    used 20891K, capacity 22683K, committed 23040K, reserved 1048576K
Event: 1612.140 GC heap after
Heap after GC invocations=83 (full 10):
 PSYoungGen      total 406528K, used 10520K [0x00000000e0000000, 0x00000000ff380000, 0x0000000100000000)
  eden space 301568K, 0% used [0x00000000e0000000,0x00000000e0000000,0x00000000f2680000)
  from space 104960K, 10% used [0x00000000f2680000,0x00000000f30c63a8,0x00000000f8d00000)
  to   space 99840K, 0% used [0x00000000f9200000,0x00000000f9200000,0x00000000ff380000)
 ParOldGen       total 589312K, used 415035K [0x00000000a0000000, 0x00000000c3f80000, 0x00000000e0000000)
  object space 589312K, 70% used [0x00000000a0000000,0x00000000b954ef60,0x00000000c3f80000)
 Metaspace       used 167357K, capacity 177776K, committed 179200K, reserved 1206272K
  class space    used 20891K, capacity 22683K, committed 23040K, reserved 1048576K
}

